[    0.000000] Linux version 4.15.0-212-generic (buildd@lcy02-amd64-083) (gcc version 7.5.0 (Ubuntu 7.5.0-3ubuntu1~18.04)) #223-Ubuntu SMP Tue May 23 13:09:22 UTC 2023 (Ubuntu 4.15.0-212.223-generic 4.15.18)
[    0.000000] Command line: BOOT_IMAGE=/boot/vmlinuz-4.15.0-212-generic root=UUID=f685bb41-0e3b-40c4-89c1-eea0f0583525 ro console=tty1 console=ttyS0
[    0.000000] KERNEL supported cpus:
[    0.000000]   Intel GenuineIntel
[    0.000000]   AMD AuthenticAMD
[    0.000000]   Centaur CentaurHauls
[    0.000000] x86/fpu: Supporting XSAVE feature 0x001: 'x87 floating point registers'
[    0.000000] x86/fpu: Supporting XSAVE feature 0x002: 'SSE registers'
[    0.000000] x86/fpu: Supporting XSAVE feature 0x004: 'AVX registers'
[    0.000000] x86/fpu: xstate_offset[2]:  576, xstate_sizes[2]:  256
[    0.000000] x86/fpu: Enabled xstate features 0x7, context size is 832 bytes, using 'standard' format.
[    0.000000] e820: BIOS-provided physical RAM map:
[    0.000000] BIOS-e820: [mem 0x0000000000000000-0x000000000009fbff] usable
[    0.000000] BIOS-e820: [mem 0x000000000009fc00-0x000000000009ffff] reserved
[    0.000000] BIOS-e820: [mem 0x00000000000f0000-0x00000000000fffff] reserved
[    0.000000] BIOS-e820: [mem 0x0000000000100000-0x00000000dffeffff] usable
[    0.000000] BIOS-e820: [mem 0x00000000dfff0000-0x00000000dfffffff] ACPI data
[    0.000000] BIOS-e820: [mem 0x00000000fec00000-0x00000000fec00fff] reserved
[    0.000000] BIOS-e820: [mem 0x00000000fee00000-0x00000000fee00fff] reserved
[    0.000000] BIOS-e820: [mem 0x00000000fffc0000-0x00000000ffffffff] reserved
[    0.000000] BIOS-e820: [mem 0x0000000100000000-0x0000000313ffffff] usable
[    0.000000] NX (Execute Disable) protection: active
[    0.000000] SMBIOS 2.5 present.
[    0.000000] DMI: innotek GmbH VirtualBox/VirtualBox, BIOS VirtualBox 12/01/2006
[    0.000000] Hypervisor detected: KVM
[    0.000000] e820: last_pfn = 0x314000 max_arch_pfn = 0x400000000
[    0.000000] MTRR: Disabled
[    0.000000] x86/PAT: MTRRs disabled, skipping PAT initialization too.
[    0.000000] CPU MTRRs all blank - virtualized system.
[    0.000000] x86/PAT: Configuration [0-7]: WB  WT  UC- UC  WB  WT  UC- UC  
[    0.000000] e820: last_pfn = 0xdfff0 max_arch_pfn = 0x400000000
[    0.000000] found SMP MP-table at [mem 0x0009fff0-0x0009ffff]
[    0.000000] Scanning 1 areas for low memory corruption
[    0.000000] RAMDISK: [mem 0x35027000-0x3680afff]
[    0.000000] ACPI: Early table checksum verification disabled
[    0.000000] ACPI: RSDP 0x00000000000E0000 000024 (v02 VBOX  )
[    0.000000] ACPI: XSDT 0x00000000DFFF0030 00003C (v01 VBOX   VBOXXSDT 00000001 ASL  00000061)
[    0.000000] ACPI: FACP 0x00000000DFFF00F0 0000F4 (v04 VBOX   VBOXFACP 00000001 ASL  00000061)
[    0.000000] ACPI: DSDT 0x00000000DFFF04F0 002325 (v02 VBOX   VBOXBIOS 00000002 INTL 20200925)
[    0.000000] ACPI: FACS 0x00000000DFFF0200 000040
[    0.000000] ACPI: FACS 0x00000000DFFF0200 000040
[    0.000000] ACPI: APIC 0x00000000DFFF0240 0000DC (v02 VBOX   VBOXAPIC 00000001 ASL  00000061)
[    0.000000] ACPI: SSDT 0x00000000DFFF0320 0001CC (v01 VBOX   VBOXCPUT 00000002 INTL 20200925)
[    0.000000] ACPI: Reserving FACP table memory at [mem 0xdfff00f0-0xdfff01e3]
[    0.000000] ACPI: Reserving DSDT table memory at [mem 0xdfff04f0-0xdfff2814]
[    0.000000] ACPI: Reserving FACS table memory at [mem 0xdfff0200-0xdfff023f]
[    0.000000] ACPI: Reserving FACS table memory at [mem 0xdfff0200-0xdfff023f]
[    0.000000] ACPI: Reserving APIC table memory at [mem 0xdfff0240-0xdfff031b]
[    0.000000] ACPI: Reserving SSDT table memory at [mem 0xdfff0320-0xdfff04eb]
[    0.000000] No NUMA configuration found
[    0.000000] Faking a node at [mem 0x0000000000000000-0x0000000313ffffff]
[    0.000000] NODE_DATA(0) allocated [mem 0x313fd0000-0x313ffafff]
[    0.000000] kvm-clock: cpu 0, msr 3:13f4f001, primary cpu clock
[    0.000000] kvm-clock: Using msrs 4b564d01 and 4b564d00
[    0.000000] kvm-clock: using sched offset of 21531521278 cycles
[    0.000000] clocksource: kvm-clock: mask: 0xffffffffffffffff max_cycles: 0x1cd42e4dffb, max_idle_ns: 881590591483 ns
[    0.000000] Zone ranges:
[    0.000000]   DMA      [mem 0x0000000000001000-0x0000000000ffffff]
[    0.000000]   DMA32    [mem 0x0000000001000000-0x00000000ffffffff]
[    0.000000]   Normal   [mem 0x0000000100000000-0x0000000313ffffff]
[    0.000000]   Device   empty
[    0.000000] Movable zone start for each node
[    0.000000] Early memory node ranges
[    0.000000]   node   0: [mem 0x0000000000001000-0x000000000009efff]
[    0.000000]   node   0: [mem 0x0000000000100000-0x00000000dffeffff]
[    0.000000]   node   0: [mem 0x0000000100000000-0x0000000313ffffff]
[    0.000000] Reserved but unavailable: 104 pages
[    0.000000] Initmem setup node 0 [mem 0x0000000000001000-0x0000000313ffffff]
[    0.000000] ACPI: PM-Timer IO Port: 0x4008
[    0.000000] IOAPIC[0]: apic_id 18, version 32, address 0xfec00000, GSI 0-23
[    0.000000] ACPI: INT_SRC_OVR (bus 0 bus_irq 0 global_irq 2 dfl dfl)
[    0.000000] ACPI: INT_SRC_OVR (bus 0 bus_irq 9 global_irq 9 low level)
[    0.000000] Using ACPI (MADT) for SMP configuration information
[    0.000000] smpboot: Allowing 18 CPUs, 0 hotplug CPUs
[    0.000000] PM: Registered nosave memory: [mem 0x00000000-0x00000fff]
[    0.000000] PM: Registered nosave memory: [mem 0x0009f000-0x0009ffff]
[    0.000000] PM: Registered nosave memory: [mem 0x000a0000-0x000effff]
[    0.000000] PM: Registered nosave memory: [mem 0x000f0000-0x000fffff]
[    0.000000] PM: Registered nosave memory: [mem 0xdfff0000-0xdfffffff]
[    0.000000] PM: Registered nosave memory: [mem 0xe0000000-0xfebfffff]
[    0.000000] PM: Registered nosave memory: [mem 0xfec00000-0xfec00fff]
[    0.000000] PM: Registered nosave memory: [mem 0xfec01000-0xfedfffff]
[    0.000000] PM: Registered nosave memory: [mem 0xfee00000-0xfee00fff]
[    0.000000] PM: Registered nosave memory: [mem 0xfee01000-0xfffbffff]
[    0.000000] PM: Registered nosave memory: [mem 0xfffc0000-0xffffffff]
[    0.000000] e820: [mem 0xe0000000-0xfebfffff] available for PCI devices
[    0.000000] Booting paravirtualized kernel on KVM
[    0.000000] clocksource: refined-jiffies: mask: 0xffffffff max_cycles: 0xffffffff, max_idle_ns: 7645519600211568 ns
[    0.000000] setup_percpu: NR_CPUS:8192 nr_cpumask_bits:18 nr_cpu_ids:18 nr_node_ids:1
[    0.000000] percpu: Embedded 50 pages/cpu s167936 r8192 d28672 u262144
[    0.000000] PV qspinlock hash table entries: 256 (order: 0, 4096 bytes)
[    0.000000] Built 1 zonelists, mobility grouping on.  Total pages: 3048057
[    0.000000] Policy zone: Normal
[    0.000000] Kernel command line: BOOT_IMAGE=/boot/vmlinuz-4.15.0-212-generic root=UUID=f685bb41-0e3b-40c4-89c1-eea0f0583525 ro console=tty1 console=ttyS0
[    0.000000] Memory: 12068084K/12385848K available (12300K kernel code, 2477K rwdata, 4324K rodata, 2480K init, 2720K bss, 317764K reserved, 0K cma-reserved)
[    0.000000] SLUB: HWalign=64, Order=0-3, MinObjects=0, CPUs=18, Nodes=1
[    0.000000] Kernel/User page tables isolation: enabled
[    0.000000] ftrace: allocating 39508 entries in 155 pages
[    0.004000] Hierarchical RCU implementation.
[    0.004000] 	RCU restricting CPUs from NR_CPUS=8192 to nr_cpu_ids=18.
[    0.004000] 	Tasks RCU enabled.
[    0.004000] RCU: Adjusting geometry for rcu_fanout_leaf=16, nr_cpu_ids=18
[    0.004000] NR_IRQS: 524544, nr_irqs: 568, preallocated irqs: 16
[    0.004000] random: crng init done
[    0.004000] Console: colour VGA+ 80x25
[    0.004000] console [tty1] enabled
[    0.004000] console [ttyS0] enabled
[    0.004000] ACPI: Core revision 20170831
[    0.004000] ACPI: 2 ACPI AML tables successfully acquired and loaded
[    0.004000] APIC: Switch to symmetric I/O mode setup
[    0.004000] x2apic enabled
[    0.004000] Switched APIC routing to physical x2apic.
[    0.004000] ..TIMER: vector=0x30 apic1=0 pin1=2 apic2=-1 pin2=-1
[    0.004004] tsc: Detected 2111.998 MHz processor
[    0.004855] Calibrating delay loop (skipped) preset value.. 4223.99 BogoMIPS (lpj=8447992)
[    0.005356] pid_max: default: 32768 minimum: 301
[    0.006092] Security Framework initialized
[    0.008002] Yama: becoming mindful.
[    0.008528] AppArmor: AppArmor initialized
[    0.014332] Dentry cache hash table entries: 2097152 (order: 12, 16777216 bytes)
[    0.017771] Inode-cache hash table entries: 1048576 (order: 11, 8388608 bytes)
[    0.019112] Mount-cache hash table entries: 32768 (order: 6, 262144 bytes)
[    0.020504] Mountpoint-cache hash table entries: 32768 (order: 6, 262144 bytes)
[    0.021960] Last level iTLB entries: 4KB 0, 2MB 0, 4MB 0
[    0.022796] Last level dTLB entries: 4KB 0, 2MB 0, 4MB 0, 1GB 0
[    0.024003] Spectre V1 : Mitigation: usercopy/swapgs barriers and __user pointer sanitization
[    0.025244] Spectre V2 : Mitigation: Retpolines
[    0.026053] Spectre V2 : Spectre v2 / SpectreRSB mitigation: Filling RSB on context switch
[    0.027450] Spectre V2 : Spectre v2 / SpectreRSB : Filling RSB on VMEXIT
[    0.028001] Speculative Store Bypass: Vulnerable
[    0.028870] MDS: Mitigation: Clear CPU buffers
[    0.029597] Freeing SMP alternatives memory: 36K
[    0.140986] smpboot: CPU0: 12th Gen Intel(R) Core(TM) i7-12700 (family: 0x6, model: 0x97, stepping: 0x2)
[    0.143316] Performance Events: unsupported p6 CPU model 151 no PMU driver, software events only.
[    0.144000] Hierarchical SRCU implementation.
[    0.144134] NMI watchdog: Perf event create on CPU 0 failed with -2
[    0.145142] NMI watchdog: Perf NMI watchdog permanently disabled
[    0.146285] smp: Bringing up secondary CPUs ...
[    0.147034] x86: Booting SMP configuration:
[    0.148001] .... node  #0, CPUs:        #1
[    0.004000] kvm-clock: cpu 1, msr 3:13f4f041, secondary cpu clock
[    0.151428]   #2
[    0.004000] kvm-clock: cpu 2, msr 3:13f4f081, secondary cpu clock
[    0.155337]   #3
[    0.004000] kvm-clock: cpu 3, msr 3:13f4f0c1, secondary cpu clock
[    0.158814]   #4
[    0.004000] kvm-clock: cpu 4, msr 3:13f4f101, secondary cpu clock
[    0.162284]   #5
[    0.004000] kvm-clock: cpu 5, msr 3:13f4f141, secondary cpu clock
[    0.166492]   #6
[    0.004000] kvm-clock: cpu 6, msr 3:13f4f181, secondary cpu clock
[    0.170139]   #7
[    0.004000] kvm-clock: cpu 7, msr 3:13f4f1c1, secondary cpu clock
[    0.174173]   #8
[    0.004000] kvm-clock: cpu 8, msr 3:13f4f201, secondary cpu clock
[    0.178067]   #9
[    0.004000] kvm-clock: cpu 9, msr 3:13f4f241, secondary cpu clock
[    0.182120]  #10
[    0.004000] kvm-clock: cpu 10, msr 3:13f4f281, secondary cpu clock
[    0.184041]  #11
[    0.004000] kvm-clock: cpu 11, msr 3:13f4f2c1, secondary cpu clock
[    0.190805]  #12
[    0.004000] kvm-clock: cpu 12, msr 3:13f4f301, secondary cpu clock
[    0.192042]  #13
[    0.004000] kvm-clock: cpu 13, msr 3:13f4f341, secondary cpu clock
[    0.196043]  #14
[    0.004000] kvm-clock: cpu 14, msr 3:13f4f381, secondary cpu clock
[    0.200045]  #15
[    0.004000] kvm-clock: cpu 15, msr 3:13f4f3c1, secondary cpu clock
[    0.204576]  #16
[    0.004000] kvm-clock: cpu 16, msr 3:13f4f401, secondary cpu clock
[    0.208041]  #17
[    0.004000] kvm-clock: cpu 17, msr 3:13f4f441, secondary cpu clock
[    0.212011] smp: Brought up 1 node, 18 CPUs
[    0.212936] smpboot: Max logical packages: 1
[    0.213730] smpboot: Total of 18 processors activated (76031.92 BogoMIPS)
[    0.216038] devtmpfs: initialized
[    0.216649] x86/mm: Memory block size: 128MB
[    0.217733] evm: security.selinux
[    0.218345] evm: security.SMACK64
[    0.219033] evm: security.SMACK64EXEC
[    0.219643] evm: security.SMACK64TRANSMUTE
[    0.220001] evm: security.SMACK64MMAP
[    0.220804] evm: security.apparmor
[    0.221593] evm: security.ima
[    0.222309] evm: security.capability
[    0.222908] clocksource: jiffies: mask: 0xffffffff max_cycles: 0xffffffff, max_idle_ns: 7645041785100000 ns
[    0.224012] futex hash table entries: 8192 (order: 7, 524288 bytes)
[    0.225337] pinctrl core: initialized pinctrl subsystem
[    0.226252] RTC time: 12:39:53, date: 06/06/24
[    0.228396] NET: Registered protocol family 16
[    0.229363] audit: initializing netlink subsys (disabled)
[    0.230248] audit: type=2000 audit(1717677615.887:1): state=initialized audit_enabled=0 res=1
[    0.232008] cpuidle: using governor ladder
[    0.233374] cpuidle: using governor menu
[    0.234679] ACPI: bus type PCI registered
[    0.236003] acpiphp: ACPI Hot Plug PCI Controller Driver version: 0.5
[    0.238073] PCI: Using configuration type 1 for base access
[    0.240720] HugeTLB registered 2.00 MiB page size, pre-allocated 0 pages
[    0.240961] ACPI: Added _OSI(Module Device)
[    0.240961] ACPI: Added _OSI(Processor Device)
[    0.244005] ACPI: Added _OSI(3.0 _SCP Extensions)
[    0.244806] ACPI: Added _OSI(Processor Aggregator Device)
[    0.245583] ACPI: Added _OSI(Linux-Dell-Video)
[    0.246220] ACPI: Added _OSI(Linux-Lenovo-NV-HDMI-Audio)
[    0.247051] ACPI: Added _OSI(Linux-HPI-Hybrid-Graphics)
[    0.248008] ACPI: Executed 1 blocks of module-level executable AML code
[    0.250580] ACPI: Interpreter enabled
[    0.251214] ACPI: (supports S0 S5)
[    0.251681] ACPI: Using IOAPIC for interrupt routing
[    0.252000] PCI: Using host bridge windows from ACPI; if necessary, use "pci=nocrs" and report a bug
[    0.252118] ACPI: Enabled 2 GPEs in block 00 to 07
[    0.260289] ACPI: PCI Root Bridge [PCI0] (domain 0000 [bus 00-ff])
[    0.261437] acpi PNP0A03:00: _OSC: OS supports [ASPM ClockPM Segments MSI]
[    0.262840] acpi PNP0A03:00: _OSC: not requesting OS control; OS requires [ExtendedConfig ASPM ClockPM MSI]
[    0.264006] acpi PNP0A03:00: fail to add MMCONFIG information, can't access extended PCI configuration space under this bridge.
[    0.266415] PCI host bridge to bus 0000:00
[    0.267239] pci_bus 0000:00: root bus resource [io  0x0000-0x0cf7 window]
[    0.268002] pci_bus 0000:00: root bus resource [io  0x0d00-0xffff window]
[    0.269186] pci_bus 0000:00: root bus resource [mem 0x000a0000-0x000bffff window]
[    0.270360] pci_bus 0000:00: root bus resource [mem 0xe0000000-0xfdffffff window]
[    0.272001] pci_bus 0000:00: root bus resource [bus 00-ff]
[    0.273862] pci 0000:00:01.1: legacy IDE quirk: reg 0x10: [io  0x01f0-0x01f7]
[    0.275213] pci 0000:00:01.1: legacy IDE quirk: reg 0x14: [io  0x03f6]
[    0.276001] pci 0000:00:01.1: legacy IDE quirk: reg 0x18: [io  0x0170-0x0177]
[    0.277134] pci 0000:00:01.1: legacy IDE quirk: reg 0x1c: [io  0x0376]
[    0.413846] pci 0000:00:07.0: quirk: [io  0x4000-0x403f] claimed by PIIX4 ACPI
[    0.416047] pci 0000:00:07.0: quirk: [io  0x4100-0x410f] claimed by PIIX4 SMB
[    0.478153] ACPI: PCI Interrupt Link [LNKA] (IRQs 5 9 10 *11)
[    0.480788] ACPI: PCI Interrupt Link [LNKB] (IRQs 5 9 *10 11)
[    0.488203] ACPI: PCI Interrupt Link [LNKC] (IRQs 5 *9 10 11)
[    0.492054] ACPI: PCI Interrupt Link [LNKD] (IRQs 5 9 10 *11)
[    0.494691] SCSI subsystem initialized
[    0.496048] pci 0000:00:02.0: vgaarb: setting as boot VGA device
[    0.497394] pci 0000:00:02.0: vgaarb: VGA device added: decodes=io+mem,owns=io+mem,locks=none
[    0.499032] pci 0000:00:02.0: vgaarb: bridge control possible
[    0.500001] vgaarb: loaded
[    0.500747] ACPI: bus type USB registered
[    0.501605] usbcore: registered new interface driver usbfs
[    0.502717] usbcore: registered new interface driver hub
[    0.503638] usbcore: registered new device driver usb
[    0.504047] EDAC MC: Ver: 3.0.0
[    0.505477] PCI: Using ACPI for IRQ routing
[    0.508176] NetLabel: Initializing
[    0.508934] NetLabel:  domain hash size = 128
[    0.509788] NetLabel:  protocols = UNLABELED CIPSOv4 CALIPSO
[    0.510884] NetLabel:  unlabeled traffic allowed by default
[    0.512137] clocksource: Switched to clocksource kvm-clock
[    0.519663] VFS: Disk quotas dquot_6.6.0
[    0.520695] VFS: Dquot-cache hash table entries: 512 (order 0, 4096 bytes)
[    0.522041] AppArmor: AppArmor Filesystem Enabled
[    0.522755] pnp: PnP ACPI init
[    0.523804] pnp: PnP ACPI: found 3 devices
[    0.530911] clocksource: acpi_pm: mask: 0xffffff max_cycles: 0xffffff, max_idle_ns: 2085701024 ns
[    0.532707] NET: Registered protocol family 2
[    0.533975] IP idents hash table entries: 262144 (order: 9, 2097152 bytes)
[    0.536366] TCP established hash table entries: 131072 (order: 8, 1048576 bytes)
[    0.537784] TCP bind hash table entries: 65536 (order: 8, 1048576 bytes)
[    0.538846] TCP: Hash tables configured (established 131072 bind 65536)
[    0.539849] UDP hash table entries: 8192 (order: 6, 262144 bytes)
[    0.540880] UDP-Lite hash table entries: 8192 (order: 6, 262144 bytes)
[    0.542498] NET: Registered protocol family 1
[    0.543374] pci 0000:00:00.0: Limiting direct PCI/PCI transfers
[    0.544236] pci 0000:00:01.0: Activating ISA DMA hang workarounds
[    0.545212] pci 0000:00:02.0: Video device with shadowed ROM at [mem 0x000c0000-0x000dffff]
[    0.546473] Unpacking initramfs...
[    0.780164] Freeing initrd memory: 24464K
[    0.784282] PCI-DMA: Using software bounce buffering for IO (SWIOTLB)
[    0.785351] software IO TLB: mapped [mem 0xdbff0000-0xdfff0000] (64MB)
[    0.786441] clocksource: tsc: mask: 0xffffffffffffffff max_cycles: 0x1e71768ef8b, max_idle_ns: 440795218977 ns
[    0.788018] platform rtc_cmos: registered platform RTC device (no PNP device found)
[    0.789156] Scanning for low memory corruption every 60 seconds
[    0.790605] Initialise system trusted keyrings
[    0.791565] Key type blacklist registered
[    0.792318] workingset: timestamp_bits=36 max_order=22 bucket_order=0
[    0.793670] zbud: loaded
[    0.794472] squashfs: version 4.0 (2009/01/31) Phillip Lougher
[    0.795768] fuse init (API version 7.26)
[    0.799043] Key type asymmetric registered
[    0.799933] Asymmetric key parser 'x509' registered
[    0.800823] Block layer SCSI generic (bsg) driver version 0.4 loaded (major 246)
[    0.802111] io scheduler noop registered
[    0.802728] io scheduler deadline registered
[    0.803533] io scheduler cfq registered (default)
[    0.805446] ACPI: AC Adapter [AC] (on-line)
[    0.806385] input: Power Button as /devices/LNXSYSTM:00/LNXPWRBN:00/input/input0
[    0.807771] ACPI: Power Button [PWRF]
[    0.808428] input: Sleep Button as /devices/LNXSYSTM:00/LNXSLPBN:00/input/input1
[    0.809643] ACPI: Sleep Button [SLPF]
[    0.810815] Serial: 8250/16550 driver, 32 ports, IRQ sharing enabled
[    0.832943] 00:02: ttyS0 at I/O 0x3f8 (irq = 4, base_baud = 115200) is a 16550A
[    0.835655] Linux agpgart interface v0.103
[    0.840798] loop: module loaded
[    0.841884] scsi host0: ata_piix
[    0.842589] scsi host1: ata_piix
[    0.843085] ata1: PATA max UDMA/33 cmd 0x1f0 ctl 0x3f6 bmdma 0xd000 irq 14
[    0.844315] ata2: PATA max UDMA/33 cmd 0x170 ctl 0x376 bmdma 0xd008 irq 15
[    0.845515] tun: Universal TUN/TAP device driver, 1.6
[    0.846414] PPP generic driver version 2.4.2
[    0.847171] ehci_hcd: USB 2.0 'Enhanced' Host Controller (EHCI) Driver
[    0.848364] ehci-pci: EHCI PCI platform driver
[    0.849140] ehci-platform: EHCI generic platform driver
[    0.850227] ohci_hcd: USB 1.1 'Open' Host Controller (OHCI) Driver
[    0.851445] ohci-pci: OHCI PCI platform driver
[    0.852307] ohci-platform: OHCI generic platform driver
[    0.853156] uhci_hcd: USB Universal Host Controller Interface driver
[    0.854380] i8042: PNP: PS/2 Controller [PNP0303:PS2K,PNP0f03:PS2M] at 0x60,0x64 irq 1,12
[    0.856242] serio: i8042 KBD port at 0x60,0x64 irq 1
[    0.857218] serio: i8042 AUX port at 0x60,0x64 irq 12
[    0.858198] mousedev: PS/2 mouse device common for all mice
[    0.859509] rtc_cmos rtc_cmos: rtc core: registered rtc_cmos as rtc0
[    0.860614] input: AT Translated Set 2 keyboard as /devices/platform/i8042/serio0/input/input2
[    0.861917] rtc_cmos rtc_cmos: alarms up to one day, 114 bytes nvram
[    0.862982] i2c /dev entries driver
[    0.863735] device-mapper: uevent: version 1.0.3
[    0.864593] device-mapper: ioctl: 4.37.0-ioctl (2017-09-20) initialised: dm-devel@redhat.com
[    0.867260] ledtrig-cpu: registered to indicate activity on CPUs
[    0.868703] NET: Registered protocol family 10
[    0.873506] Segment Routing with IPv6
[    0.874228] NET: Registered protocol family 17
[    0.875105] Key type dns_resolver registered
[    0.877657] mce: Using 0 MCE banks
[    0.878354] RAS: Correctable Errors collector initialized.
[    0.879277] sched_clock: Marking stable (877639235, 0)->(1150389168, -272749933)
[    0.881557] registered taskstats version 1
[    0.882319] Loading compiled-in X.509 certificates
[    0.884496] Loaded X.509 cert 'Build time autogenerated kernel key: b5b26778eaa3ab3a4a6cee031137706e947d12ad'
[    0.886382] Loaded X.509 cert 'Canonical Ltd. Live Patch Signing: 14df34d1a87cf37625abec039ef2bf521249b969'
[    0.889397] Loaded X.509 cert 'Canonical Ltd. Kernel Module Signing: 88f752e560a1e0737e31163a466ad7b70a850c19'
[    0.891436] blacklist: Loading compiled-in revocation X.509 certificates
[    0.892647] Loaded X.509 cert 'Canonical Ltd. Secure Boot Signing: 61482aa2830d0ab2ad5af10b7250da9033ddcef0'
[    0.894167] Loaded X.509 cert 'Canonical Ltd. Secure Boot Signing (2017): 242ade75ac4a15e50d50c84b0d45ff3eae707a03'
[    0.895759] Loaded X.509 cert 'Canonical Ltd. Secure Boot Signing (ESM 2018): 365188c1d374d6b07c3c8f240f8ef722433d6a8b'
[    0.897522] Loaded X.509 cert 'Canonical Ltd. Secure Boot Signing (2019): c0746fd6c5da3ae827864651ad66ae47fe24b3e8'
[    0.899094] Loaded X.509 cert 'Canonical Ltd. Secure Boot Signing (2021 v1): a8d54bbb3825cfb94fa13c9f8a594a195c107b8d'
[    0.900910] Loaded X.509 cert 'Canonical Ltd. Secure Boot Signing (2021 v2): 4cf046892d6fd3c9a5b03f98d845f90851dc6a8c'
[    0.902543] Loaded X.509 cert 'Canonical Ltd. Secure Boot Signing (2021 v3): 100437bb6de6e469b581e61cd66bce3ef4ed53af'
[    0.904427] Loaded X.509 cert 'Canonical Ltd. Secure Boot Signing (Ubuntu Core 2019): c1d57b8f6b743f23ee41f4f7ee292f06eecadfb9'
[    0.906534] zswap: loaded using pool lzo/zbud
[    0.911312] Key type big_key registered
[    0.912055] Key type trusted registered
[    0.913827] Key type encrypted registered
[    0.914727] AppArmor: AppArmor sha1 policy hashing enabled
[    0.915722] ima: No TPM chip found, activating TPM-bypass! (rc=-19)
[    0.916770] ima: Allocated hash algorithm: sha1
[    0.917532] evm: HMAC attrs: 0x1
[    0.918362]   Magic number: 12:853:682
[    0.919187] rtc_cmos rtc_cmos: setting system clock to 2024-06-06 12:39:53 UTC (1717677593)
[    0.920952] BIOS EDD facility v0.16 2004-Jun-25, 0 devices found
[    0.922189] EDD information not available.
[    1.219950] Freeing unused kernel image memory: 2480K
[    1.941919] Write protecting the kernel read-only data: 20480k
[    1.950647] Freeing unused kernel image memory: 2008K
[    1.955601] Freeing unused kernel image memory: 1820K
[    1.962790] x86/mm: Checked W+X mappings: passed, no W+X pages found.
[    1.964216] x86/mm: Checking user space page tables
[    1.967961] x86/mm: Checked W+X mappings: passed, no W+X pages found.
Loading, please wait...
starting version 237
[    2.007801] Fusion MPT base driver 3.04.20
[    2.007842] e1000: Intel(R) PRO/1000 Network Driver - version 7.3.21-k8-NAPI
[    2.008614] Copyright (c) 1999-2008 LSI Corporation
[    2.010689] e1000: Copyright (c) 1999-2006 Intel Corporation.
[    2.018848] Fusion MPT SPI Host driver 3.04.20
[    2.024685] AVX2 version of gcm_enc/dec engaged.
[    2.027776] AES CTR mode by8 optimization enabled
[    2.221868] input: ImExPS/2 Generic Explorer Mouse as /devices/platform/i8042/serio1/input/input4
[    2.370909] e1000 0000:00:03.0 eth0: (PCI:33MHz:32-bit) 02:3b:7b:b7:3b:2d
[    2.373044] e1000 0000:00:03.0 eth0: Intel(R) PRO/1000 Network Connection
[    2.375429] mptbase: ioc0: Initiating bringup
[    2.375512] e1000 0000:00:03.0 enp0s3: renamed from eth0
[    3.275325] ioc0: LSI53C1030 A0: Capabilities={Initiator}
[    4.943605] scsi host2: ioc0: LSI53C1030 A0, FwRev=00000000h, Ports=1, MaxQ=256, IRQ=20
[    6.052419] scsi 2:0:0:0: Direct-Access     VBOX     HARDDISK         1.0  PQ: 0 ANSI: 5
[    6.944097] scsi target2:0:0: Beginning Domain Validation
[    6.951697] scsi target2:0:0: Domain Validation skipping write tests
[    6.956088] scsi target2:0:0: Ending Domain Validation
[    6.959410] scsi target2:0:0: asynchronous
[    6.963333] scsi 2:0:1:0: Direct-Access     VBOX     HARDDISK         1.0  PQ: 0 ANSI: 5
[    7.191609] scsi target2:0:1: Beginning Domain Validation
[    7.200500] scsi target2:0:1: Domain Validation skipping write tests
[    7.203777] scsi target2:0:1: Ending Domain Validation
[    7.205817] scsi target2:0:1: asynchronous
[    7.210364] sd 2:0:0:0: Attached scsi generic sg0 type 0
[    7.210476] sd 2:0:0:0: [sda] 83886080 512-byte logical blocks: (42.9 GB/40.0 GiB)
[    7.211965] sd 2:0:1:0: Attached scsi generic sg1 type 0
[    7.213357] sd 2:0:1:0: [sdb] 20480 512-byte logical blocks: (10.5 MB/10.0 MiB)
[    7.214350] sd 2:0:0:0: [sda] Write Protect is off
[    7.215542] sd 2:0:1:0: [sdb] Write Protect is off
[    7.217956] sd 2:0:1:0: [sdb] Incomplete mode parameter data
[    7.217980] sd 2:0:0:0: [sda] Incomplete mode parameter data
[    7.218899] sd 2:0:1:0: [sdb] Assuming drive cache: write through
[    7.220753] sd 2:0:0:0: [sda] Assuming drive cache: write through
[    7.225004]  sda: sda1
[    7.225942] sd 2:0:1:0: [sdb] Attached SCSI disk
[    7.226450] sd 2:0:0:0: [sda] Attached SCSI disk
Begin: Loading essential drivers ... [    8.684171] raid6: sse2x1   gen() 17070 MB/s
[    8.732111] raid6: sse2x1   xor() 14881 MB/s
[    8.780157] raid6: sse2x2   gen() 28733 MB/s
[    8.828178] raid6: sse2x2   xor() 16898 MB/s
[    8.876145] raid6: sse2x4   gen() 30012 MB/s
[    8.924123] raid6: sse2x4   xor() 14713 MB/s
[    8.972148] raid6: avx2x1   gen() 35155 MB/s
[    9.020159] raid6: avx2x1   xor() 28236 MB/s
[    9.068168] raid6: avx2x2   gen() 37353 MB/s
[    9.116251] raid6: avx2x2   xor() 30294 MB/s
[    9.164149] raid6: avx2x4   gen() 38101 MB/s
[    9.212158] raid6: avx2x4   xor() 16359 MB/s
[    9.212832] raid6: using algorithm avx2x4 gen() 38101 MB/s
[    9.213642] raid6: .... xor() 16359 MB/s, rmw enabled
[    9.214382] raid6: using avx2x2 recovery algorithm
[    9.217157] xor: automatically using best checksumming function   avx       
[    9.219226] async_tx: api initialized (async)
done.
Begin: Running /scripts/init-premount ... done.
Begin: Mounting root file system ... Begin: Running /scripts/local-top ... done.
Begin: Running /scripts/local-premount ... [    9.248508] Btrfs loaded, crc32c=crc32c-intel
Scanning for Btrfs filesystems
done.
Begin: Will now check root file system ... fsck from util-linux 2.31.1
[/sbin/fsck.ext4 (1) -- /dev/sda1] fsck.ext4 -a -C0 /dev/sda1 
cloudimg-rootfs: recovering journal
cloudimg-rootfs: clean, 161885/5120000 files, 1665120/10485499 blocks
done.
[    9.516941] EXT4-fs (sda1): mounted filesystem with ordered data mode. Opts: (null)
done.
Begin: Running /scripts/local-bottom ... done.
Begin: Running /scripts/init-bottom ... done.
[   12.461364] ip_tables: (C) 2000-2006 Netfilter Core Team
[   12.600441] systemd[1]: systemd 237 running in system mode. (+PAM +AUDIT +SELINUX +IMA +APPARMOR +SMACK +SYSVINIT +UTMP +LIBCRYPTSETUP +GCRYPT +GNUTLS +ACL +XZ +LZ4 +SECCOMP +BLKID +ELFUTILS +KMOD -IDN2 +IDN -PCRE2 default-hierarchy=hybrid)
[   12.614531] systemd[1]: Detected virtualization oracle.
[   12.616530] systemd[1]: Detected architecture x86-64.

Welcome to [1mUbuntu 18.04.6 LTS[0m!

[   12.698437] systemd[1]: Set hostname to <root>.
[   15.434349] systemd[1]: Reached target System Time Synchronized.
[[0;32m  OK  [0m] Reached target System Time Synchronized.
[   15.460483] systemd[1]: Created slice System Slice.
[[0;32m  OK  [0m] Created slice System Slice.
[   15.463177] systemd[1]: Created slice system-serial\x2dgetty.slice.
[[0;32m  OK  [0m] Created slice system-serial\x2dgetty.slice.
[   15.465501] systemd[1]: Listening on Journal Audit Socket.
[[0;32m  OK  [0m] Listening on Journal Audit Socket.
[   15.804890] systemd[1]: Listening on Network Service Netlink Socket.
[[0;32m  OK  [0m] Listening on Network Service Netlink Socket.
[   15.813409] systemd[1]: Listening on /dev/initctl Compatibility Named Pipe.
[[0;32m  OK  [0m] Listening on /dev/initctl Compatibility Named Pipe.
[[0;32m  OK  [0m] Listening on Device-mapper event daemon FIFOs.
[[0;32m  OK  [0m] Listening on Journal Socket.
         Mounting POSIX Message Queue File System...
[[0;32m  OK  [0m] Listening on LVM2 poll daemon socket.
[[0;32m  OK  [0m] Listening on LVM2 metadata daemon socket.
         Starting Monitoring of LVM2 mirrors…ng dmeventd or progress polling...
[[0;32m  OK  [0m] Created slice User and Session Slice.
[[0;32m  OK  [0m] Reached target Slices.
         Starting Create list of required st…ce nodes for the current kernel...
         Mounting Huge Pages File System...
[[0;32m  OK  [0m] Set up automount Arbitrary Executab…rmats File System Automount Point.
[[0;32m  OK  [0m] Started Forward Password Requests to Wall Directory Watch.
[[0;32m  OK  [0m] Reached target Mounting snaps.
[[0;32m  OK  [0m] Reached target Mounted snaps.
         Mounting Kernel Debug File System...
[[0;32m  OK  [0m] Reached target Swap.
         Mounting RPC Pipe File System...
         Mounting NFSD configuration filesystem...
         Starting Uncomplicated firewall...
[[0;32m  OK  [0m] Listening on Journal Socket (/dev/log).
[   16.446952] RPC: Registered named UNIX socket transport module.
[   16.449056] RPC: Registered udp transport module.
[   16.450327] RPC: Registered tcp transport module.
[   16.451286] RPC: Registered tcp NFSv4.1 backchannel transport module.
[[0;32m  OK  [0m] Listening on udev Control Socket.
[[0;32m  OK  [0m] Listening on RPCbind Server Activation Socket.
[[0;32m  OK  [0m] Listening on fsck to fsckd communication Socket.
         Starting Remount Root and Kernel File Systems...
[[0;32m  OK  [0m] Listening on udev Kernel Socket.
         Starting udev Coldplug all Devices...
         Starting Load Kernel Modules...
[[0;32m  OK  [0m] Reached target User and Group Name Lookups.
[[0;32m  OK  [0m] Listening on Syslog Socket.
         Starting Journal Service...
         Starting Set the console keyboard layout...
[[0;32m  OK  [0m] Mounted POSIX Message Queue File System.
[[0;32m  OK  [0m] Started Create list of required sta…vice nodes for the current kernel.
[[0;32m  OK  [0m] Mounted Huge Pages File System.
[[0;32m  OK  [0m] Mounted Kernel Debug File System.
[[0;32m  OK  [0m] Mounted RPC Pipe File System.
[[0;32m  OK  [0m] Started LVM2 metadata daemon.
         Starting pNFS block layout mapping daemon...
         Starting Create Static Device Nodes in /dev...
[[0;32m  OK  [0m] Started udev Coldplug all Devices.
[   17.282319] EXT4-fs (sda1): re-mounted. Opts: (null)
[   17.286857] Installing knfsd (copyright (C) 1996 okir@monad.swb.de).
[[0;32m  OK  [0m] Started Remount Root and Kernel File Systems.
[[0;32m  OK  [0m] Mounted NFSD configuration filesystem.
         Starting Load/Save Random Seed...
[   17.788681] systemd[1]: Started Journal Service.
[[0;32m  OK  [0m] Started Journal Service.
[[0;32m  OK  [0m] Started pNFS block layout mapping daemon.
         Starting Flush Journal to Persistent Storage...
[[0;32m  OK  [0m] Started Load/Save Random Seed.
[[0;32m  OK  [0m] Started Monitoring of LVM2 mirrors,…sing dmeventd or progress polling.
[   18.419748] systemd-journald[592]: Received request to flush runtime journal from PID 1
[   18.816961] nf_conntrack version 0.5.0 (65536 buckets, 262144 max)
[   18.823398] lp: driver loaded but no devices found
[   19.103035] ppdev: user-space parallel port driver
[   19.160596] Loading iSCSI transport class v2.0-870.
[[0;32m  OK  [0m] Started Create Static Device Nodes in /dev.
         Starting udev Kernel Device Manager...
[[0;32m  OK  [0m] Started Set the console keyboard layout.
[[0;32m  OK  [0m] Reached target Local File Systems (Pre).
[[0;32m  OK  [0m] Reached target Local File Systems.
[   19.445823] iscsi: registered transport (tcp)
[   19.636202] systemd-journald[592]: File /var/log/journal/6a3464b9e5d84b4cba5fef6a52d67728/system.journal corrupted or uncleanly shut down, renaming and replacing.
[   20.034209] iscsi: registered transport (iser)
         Starting Clean up any mess left by 0dns-up...
         Starting ebtables ruleset management...
         Starting QEMU KVM preparation - module, ksm, hugepages...
         Starting AppArmor initialization...
         Starting Set console font and keymap...
         Starting Preprocess NFS[   20.203661] ip6_tables: (C) 2000-2006 Netfilter Core Team
 configuration...
         Starting Tell Plymouth To Write Out Runtime Data...
[[0;32m  OK  [0m] Started Load Kernel Modules.
         Mounting FUSE Control File System...
         Mounting Kernel Configuration File System...
         Starting Apply Kernel Variables...
[[0;32m  OK  [0m] Mounted FUSE Control File System.
[[0;32m  OK  [0m] Mounted Kernel Configuration File System.
[[0;32m  OK  [0m] Started Set console font and keymap.
[[0;32m  OK  [0m] Started Preprocess NFS configuration.
         Starting NFSv4 ID-name mapping service...
[[0;32m  OK  [0m] Reached target NFS client services.
[[0;32m  OK  [0m] Started Tell Plymouth To Write Out Runtime Data.
[[0;32m  OK  [0m] Started Apply Kernel Variables.
[[0;32m  OK  [0m] Started NFSv4 ID-name mapping service.
[[0;32m  OK  [0m] Started QEMU KVM preparation - module, ksm, hugepages.
[[0;32m  OK  [0m] Started Flush Journal to Persistent Storage.
         Starting Create Volatile Files and Directories...
[[0;32m  OK  [0m] Started Clean up any mess left by 0dns-up.
[[0;32m  OK  [0m] Started Create Volatile Files and Directories.
         Starting RPC bind portmap service...
         Starting Update UTMP about System Boot/Shutdown...
[[0;32m  OK  [0m] Started ebtables ruleset management.
[[0;32m  OK  [0m] Started RPC bind portmap service.
[[0;32m  OK  [0m] Reached target RPC Port Mapper.
[[0;32m  OK  [0m] Started Update UTMP about System Boot/Shutdown.
[[0;32m  OK  [0m] Started udev Kernel Device Manager.
[[0;32m  OK  [0m] Started Dispatch Password Requests to Console Directory Watch.
[[0;32m  OK  [0m] Reached target Local Encrypted Volumes.
[[0;32m  OK  [0m] Found device /dev/ttyS0.
[[0;32m  OK  [0m] Listening on Load/Save RF Kill Switch Status /dev/rfkill Watch.
[[0;32m  OK  [0m] Started Uncomplicated firewall.
[[0;32m  OK  [0m] Started AppArmor initialization.
         Starting Initial cloud-init job (pre-networking)...
         Starting Load AppArmor profiles managed internally by snapd...
         Mounting Arbitrary Executable File Formats File System...
[[0;32m  OK  [0m] Mounted Arbitrary Executable File Formats File System.
[[0;32m  OK  [0m] Started Load AppArmor profiles managed internally by snapd.
[   45.717025] cloud-init[872]: Cloud-init v. 23.1.2-0ubuntu0~18.04.1 running 'init-local' at Thu, 06 Jun 2024 12:40:37 +0000. Up 44.79 seconds.
[[0;32m  OK  [0m] Started Initial cloud-init job (pre-networking).
[[0;32m  OK  [0m] Reached target Network (Pre).
         Starting Raise network interfaces...
         Starting Network Service...
[[0;32m  OK  [0m] Started Network Service.
         Starting Network Name Resolution...
         Starting Wait for Network to be Configured...
[[0;32m  OK  [0m] Started Raise network interfaces.
[[0;32m  OK  [0m] Started Network Name Resolution.
[[0;32m  OK  [0m] Reached target Host and Network Name Lookups.
[[0;32m  OK  [0m] Started Wait for Network to be Configured.
         Starting Initial cloud-init job (metadata service crawler)...
[   48.271079] cloud-init[1105]: Cloud-init v. 23.1.2-0ubuntu0~18.04.1 running 'init' at Thu, 06 Jun 2024 12:40:40 +0000. Up 48.20 seconds.
[   48.273629] cloud-init[1105]: ci-info: ++++++++++++++++++++++++++++++++++++++Net device info++++++++++++++++++++++++++++++++++++++
[   48.275869] cloud-init[1105]: ci-info: +--------+------+----------------------------+---------------+--------+-------------------+
[   48.277869] cloud-init[1105]: ci-info: | Device |  Up  |          Address           |      Mask     | Scope  |     Hw-Address    |
[   48.279191] cloud-init[1105]: ci-info: +--------+------+----------------------------+---------------+--------+-------------------+
[   48.280336] cloud-init[1105]: ci-info: | enp0s3 | True |         10.0.2.15          | 255.255.255.0 | global | 02:3b:7b:b7:3b:2d |
[   48.281390] cloud-init[1105]: ci-info: | enp0s3 | True | fe80::3b:7bff:feb7:3b2d/64 |       .       |  link  | 02:3b:7b:b7:3b:2d |
[   48.282577] cloud-init[1105]: ci-info: |   lo   | True |         127.0.0.1          |   255.0.0.0   |  host  |         .         |
[   48.283739] cloud-init[1105]: ci-info: |   lo   | True |          ::1/128           |       .       |  host  |         .         |
[   48.284770] cloud-init[1105]: ci-info: +--------+------+----------------------------+---------------+--------+-------------------+
[   48.286239] cloud-init[1105]: ci-info: ++++++++++++++++++++++++++++Route IPv4 info+++++++++++++++++++++++++++++
[   48.298314] cloud-init[1105]: ci-info: +-------+-------------+----------+-----------------+-----------+-------+
[   48.308206] cloud-init[1105]: ci-info: | Route | Destination | Gateway  |     Genmask     | Interface | Flags |
[   48.309358] cloud-init[1105]: ci-info: +-------+-------------+----------+-----------------+-----------+-------+
[   48.324129] cloud-init[1105]: ci-info: |   0   |   0.0.0.0   | 10.0.2.2 |     0.0.0.0     |   enp0s3  |   UG  |
[   48.348541] cloud-init[1105]: ci-info: |   1   |   10.0.2.0  | 0.0.0.0  |  255.255.255.0  |   enp0s3  |   U   |
[   48.351944] cloud-init[1105]: ci-info: |   2   |   10.0.2.2  | 0.0.0.0  | 255.255.255.255 |   enp0s3  |   UH  |
[   48.355863] cloud-init[1105]: ci-info: +-------+-------------+----------+-----------------+-----------+-------+
[   48.361188] cloud-init[1105]: ci-info: +++++++++++++++++++Route IPv6 info+++++++++++++++++++
[   48.364787] cloud-init[1105]: ci-info: +-------+-------------+---------+-----------+-------+
[   48.400485] cloud-init[1105]: ci-info: | Route | Destination | Gateway | Interface | Flags |
[   48.404006] cloud-init[1105]: ci-info: +-------+-------------+---------+-----------+-------+
[   48.407763] cloud-init[1105]: ci-info: |   1   |  fe80::/64  |    ::   |   enp0s3  |   U   |
[   48.411685] cloud-init[1105]: ci-info: |   3   |    local    |    ::   |   enp0s3  |   U   |
[   48.415449] cloud-init[1105]: ci-info: |   4   |   ff00::/8  |    ::   |   enp0s3  |   U   |
[   48.419878] cloud-init[1105]: ci-info: +-------+-------------+---------+-----------+-------+
[[0;32m  OK  [0m] Started Initial cloud-init job (metadata service crawler).
[[0;32m  OK  [0m] Reached target System Initialization.
[[0;32m  OK  [0m] Listening on UUID daemon activation socket.
[[0;32m  OK  [0m] Listening on CUPS Scheduler.
[[0;32m  OK  [0m] Listening on Avahi mDNS/DNS-SD Stack Activation Socket.
         Starting Socket activation for snappy daemon.
[[0;32m  OK  [0m] Started Daily apt download activities.
[[0;32m  OK  [0m] Started Daily apt upgrade and clean activities.
[[0;32m  OK  [0m] Started Discard unused blocks once a week.
         Starting Docker Socket for the API.
[[0;32m  OK  [0m] Started Message of the Day.
[[0;32m  OK  [0m] Started ACPI Events Check.
[[0;32m  OK  [0m] Started Daily Cleanup of Temporary Directories.
[[0;32m  OK  [0m] Listening on cloud-init hotplug hook socket.
[[0;32m  OK  [0m] Started CUPS Scheduler.
[[0;32m  OK  [0m] Reached target Paths.
[[0;32m  OK  [0m] Listening on Open-iSCSI iscsid Socket.
[[0;32m  OK  [0m] Listening on ACPID Listen Socket.
[[0;32m  OK  [0m] Listening on D-Bus System Message Bus Socket.
[[0;32m  OK  [0m] Started Trigger anacron every hour.
[[0;32m  OK  [0m] Reached target Timers.
         Starting LXD - unix socket.
[[0;32m  OK  [0m] Reached target Cloud-config availability.
[[0;32m  OK  [0m] Listening on Socket activation for snappy daemon.
[[0;32m  OK  [0m] Listening on Docker Socket for the API.
[[0;32m  OK  [0m] Listening on LXD - unix socket.
[[0;32m  OK  [0m] Reached target Sockets.
[[0;32m  OK  [0m] Reached target Basic System.
[[0;32m  OK  [0m] Started Run anacron jobs.
[[0;32m  OK  [0m] Started FUSE filesystem for LXC.
         Starting System Logging Service...
[[0;32m  OK  [0m] Started Deferred execution scheduler.
         Starting Restore /etc/resolv.conf i…fore the ppp link was shut down...
         Starting Dispatcher daemon for systemd-networkd...
         Starting Modem Manager...
[[0;32m  OK  [0m] Reached target Login Prompts (Pre).
         Starting LXD - container startup/shutdown...
         Starting Detect the available GPUs and deal with any system changes...
         Starting Avahi mDNS/DNS-SD Stack...
         Starting Accounts Service...
         Starting Disk Manager...
[[0;32m  OK  [0m] Started D-Bus System Message Bus.
         Starting Network Manager...
[[0;32m  OK  [0m] Started CUPS Scheduler.
[[0;32m  OK  [0m] Started Regular background program processing daemon.
         Starting LSB: Record successful boot for GRUB...
         Starting Login Service...
[[0;32m  OK  [0m] Started irqbalance daemon.
         Starting Virtualbox guest utils...
[[0;32m  OK  [0m] Started ACPI event daemon.
         Starting WPA supplicant...
         Starting Snap Daemon...
[[0;32m  OK  [0m] Started System Logging Service.
[[0;32m  OK  [0m] Started Dispatcher daemon for systemd-networkd.
[[0;32m  OK  [0m] Started Restore /etc/resolv.conf if…before the ppp link was shut down.
[[0;32m  OK  [0m] Started Detect the available GPUs and deal with any system changes.
[[0;32m  OK  [0m] Started Avahi mDNS/DNS-SD Stack.
         Starting Authorization Manager...
[[0;32m  OK  [0m] Started Make remote CUPS printers available locally.
[[0;32m  OK  [0m] Started Login Service.
[[0;32m  OK  [0m] Started Authorization Manager.
[[0;32m  OK  [0m] Started Accounts Service.
[[0;32m  OK  [0m] Started LSB: Record successful boot for GRUB.
[[0;32m  OK  [0m] Started WPA supplicant.
         Starting Hostname Service...
[[0;32m  OK  [0m] Started Modem Manager.
[[0;32m  OK  [0m] Started Disk Manager.
[[0;32m  OK  [0m] Started Virtualbox guest utils.
[[0;32m  OK  [0m] Started Hostname Service.
[[0;32m  OK  [0m] Started LXD - container startup/shutdown.
[[0;32m  OK  [0m] Started Network Manager.
         Starting Network Manager Script Dispatcher Service...
[[0;32m  OK  [0m] Reached target Network.
[[0;32m  OK  [0m] Started Unattended Upgrades Shutdown.
         Starting NFS Mount Daemon...
         Starting containerd container runtime...
         Starting Network Manager Wait Online...
[[0;32m  OK  [0m] Started Network Manager Script Dispatcher Service.
[[0;32m  OK  [0m] Started NFS Mount Daemon.
         Starting NFS server and services...
[[0;32m  OK  [0m] Started Network Manager Wait Online.
[[0;32m  OK  [0m] Reached target Network is Online.
         Starting Availability of block devices...
[[0;32m  OK  [0m] Started crash report submission daemon.
         Starting OpenBSD Secure Shell server...
[[0;32m  OK  [0m] Started Availability of block devices.
[[0;32m  OK  [0m] Started NFS server and services.
[[0;32m  OK  [0m] Reached target Remote File Systems (Pre).
         Mounting /vagrant...
[[0;32m  OK  [0m] Started OpenBSD Secure Shell server.
[[0;32m  OK  [0m] Mounted /vagrant.
[[0;32m  OK  [0m] Reached target Remote File Systems.
         Starting Tool to automatically coll… submit kernel crash signatures...
         Starting LSB: Speech Dispatcher...
         Starting LSB: automatic crash report generation...
         Starting Permit User Sessions...
         Starting LSB: VirtualBox Linux kernel module...
[[0;32m  OK  [0m] Started Tool to automatically colle…nd submit kernel crash signatures.
[[0;32m  OK  [0m] Started Permit User Sessions.
[[0;32m  OK  [0m] Started Snap Daemon.
         Starting Wait until snapd is fully seeded...
         Starting GNOME Display Manager...
         Starting Hold until boot process finishes up...
[[0;32m  OK  [0m] Started LSB: Speech Dispatcher.
[[0;32m  OK  [0m] Started Hold until boot process finishes up.
[[0;32m  OK  [0m] Started Serial Getty on ttyS0.
[[0;32m  OK  [0m] Reached target Login Prompts.
         Starting Set console scheme...
[[0;32m  OK  [0m] Started LSB: automatic crash report generation.
[[0;32m  OK  [0m] Started Set console scheme.
[[0;32m  OK  [0m] Created slice system-getty.slice.
         Starting Time & Date Service...
[[0;32m  OK  [0m] Started GNOME Display Manager.
[[0;32m  OK  [0m] Started Time & Date Service.
[[0;32m  OK  [0m] Started LSB: VirtualBox Linux kernel module.
[[0;32m  OK  [0m] Started Wait until snapd is fully seeded.
         Starting Apply the settings specified in cloud-config...
[[0;32m  OK  [0m] Started containerd container runtime.
         Starting Docker Application Container Engine...
[[0;32m  OK  [0m] Created slice User Slice of gdm.
[   57.414780] cloud-init[2096]: Cloud-init v. 23.1.2-0ubuntu0~18.04.1 running 'modules:config' at Thu, 06 Jun 2024 12:40:49 +0000. Up 57.12 seconds.
         Starting User Manager for UID 125...
[[0;32m  OK  [0m] Started Session c1 of user gdm.
[[0;32m  OK  [0m] Started Apply the settings specified in cloud-config.
[[0;32m  OK  [0m] Started User Manager for UID 125.

Ubuntu 18.04.6 LTS root ttyS0

root login: [   74.246216] cloud-init[2428]: Cloud-init v. 23.1.2-0ubuntu0~18.04.1 running 'modules:final' at Thu, 06 Jun 2024 12:41:06 +0000. Up 73.73 seconds.
[   74.246365] cloud-init[2428]: Cloud-init v. 23.1.2-0ubuntu0~18.04.1 finished at Thu, 06 Jun 2024 12:41:06 +0000. Datasource DataSourceNoCloud [seed=/dev/sdb][dsmode=net].  Up 74.24 seconds
