[    0.000000] Linux version 4.15.0-212-generic (buildd@lcy02-amd64-083) (gcc version 7.5.0 (Ubuntu 7.5.0-3ubuntu1~18.04)) #223-Ubuntu SMP Tue May 23 13:09:22 UTC 2023 (Ubuntu 4.15.0-212.223-generic 4.15.18)
[    0.000000] Command line: BOOT_IMAGE=/boot/vmlinuz-4.15.0-212-generic root=LABEL=cloudimg-rootfs ro console=tty1 console=ttyS0
[    0.000000] KERNEL supported cpus:
[    0.000000]   Intel GenuineIntel
[    0.000000]   AMD AuthenticAMD
[    0.000000]   Centaur CentaurHauls
[    0.000000] x86/fpu: Supporting XSAVE feature 0x001: 'x87 floating point registers'
[    0.000000] x86/fpu: Supporting XSAVE feature 0x002: 'SSE registers'
[    0.000000] x86/fpu: Supporting XSAVE feature 0x004: 'AVX registers'
[    0.000000] x86/fpu: xstate_offset[2]:  576, xstate_sizes[2]:  256
[    0.000000] x86/fpu: Enabled xstate features 0x7, context size is 832 bytes, using 'standard' format.
[    0.000000] e820: BIOS-provided physical RAM map:
[    0.000000] BIOS-e820: [mem 0x0000000000000000-0x000000000009fbff] usable
[    0.000000] BIOS-e820: [mem 0x000000000009fc00-0x000000000009ffff] reserved
[    0.000000] BIOS-e820: [mem 0x00000000000f0000-0x00000000000fffff] reserved
[    0.000000] BIOS-e820: [mem 0x0000000000100000-0x000000007ffeffff] usable
[    0.000000] BIOS-e820: [mem 0x000000007fff0000-0x000000007fffffff] ACPI data
[    0.000000] BIOS-e820: [mem 0x00000000fec00000-0x00000000fec00fff] reserved
[    0.000000] BIOS-e820: [mem 0x00000000fee00000-0x00000000fee00fff] reserved
[    0.000000] BIOS-e820: [mem 0x00000000fffc0000-0x00000000ffffffff] reserved
[    0.000000] NX (Execute Disable) protection: active
[    0.000000] SMBIOS 2.5 present.
[    0.000000] DMI: innotek GmbH VirtualBox/VirtualBox, BIOS VirtualBox 12/01/2006
[    0.000000] Hypervisor detected: KVM
[    0.000000] e820: last_pfn = 0x7fff0 max_arch_pfn = 0x400000000
[    0.000000] MTRR: Disabled
[    0.000000] x86/PAT: MTRRs disabled, skipping PAT initialization too.
[    0.000000] CPU MTRRs all blank - virtualized system.
[    0.000000] x86/PAT: Configuration [0-7]: WB  WT  UC- UC  WB  WT  UC- UC  
[    0.000000] found SMP MP-table at [mem 0x0009fff0-0x0009ffff]
[    0.000000] Scanning 1 areas for low memory corruption
[    0.000000] RAMDISK: [mem 0x359cb000-0x36cdcfff]
[    0.000000] ACPI: Early table checksum verification disabled
[    0.000000] ACPI: RSDP 0x00000000000E0000 000024 (v02 VBOX  )
[    0.000000] ACPI: XSDT 0x000000007FFF0030 00003C (v01 VBOX   VBOXXSDT 00000001 ASL  00000061)
[    0.000000] ACPI: FACP 0x000000007FFF00F0 0000F4 (v04 VBOX   VBOXFACP 00000001 ASL  00000061)
[    0.000000] ACPI: DSDT 0x000000007FFF0470 002325 (v02 VBOX   VBOXBIOS 00000002 INTL 20200925)
[    0.000000] ACPI: FACS 0x000000007FFF0200 000040
[    0.000000] ACPI: FACS 0x000000007FFF0200 000040
[    0.000000] ACPI: APIC 0x000000007FFF0240 00005C (v02 VBOX   VBOXAPIC 00000001 ASL  00000061)
[    0.000000] ACPI: SSDT 0x000000007FFF02A0 0001CC (v01 VBOX   VBOXCPUT 00000002 INTL 20200925)
[    0.000000] ACPI: Reserving FACP table memory at [mem 0x7fff00f0-0x7fff01e3]
[    0.000000] ACPI: Reserving DSDT table memory at [mem 0x7fff0470-0x7fff2794]
[    0.000000] ACPI: Reserving FACS table memory at [mem 0x7fff0200-0x7fff023f]
[    0.000000] ACPI: Reserving FACS table memory at [mem 0x7fff0200-0x7fff023f]
[    0.000000] ACPI: Reserving APIC table memory at [mem 0x7fff0240-0x7fff029b]
[    0.000000] ACPI: Reserving SSDT table memory at [mem 0x7fff02a0-0x7fff046b]
[    0.000000] No NUMA configuration found
[    0.000000] Faking a node at [mem 0x0000000000000000-0x000000007ffeffff]
[    0.000000] NODE_DATA(0) allocated [mem 0x7ffc5000-0x7ffeffff]
[    0.000000] kvm-clock: cpu 0, msr 0:7ff44001, primary cpu clock
[    0.000000] kvm-clock: Using msrs 4b564d01 and 4b564d00
[    0.000000] kvm-clock: using sched offset of 3075832214 cycles
[    0.000000] clocksource: kvm-clock: mask: 0xffffffffffffffff max_cycles: 0x1cd42e4dffb, max_idle_ns: 881590591483 ns
[    0.000000] Zone ranges:
[    0.000000]   DMA      [mem 0x0000000000001000-0x0000000000ffffff]
[    0.000000]   DMA32    [mem 0x0000000001000000-0x000000007ffeffff]
[    0.000000]   Normal   empty
[    0.000000]   Device   empty
[    0.000000] Movable zone start for each node
[    0.000000] Early memory node ranges
[    0.000000]   node   0: [mem 0x0000000000001000-0x000000000009efff]
[    0.000000]   node   0: [mem 0x0000000000100000-0x000000007ffeffff]
[    0.000000] Reserved but unavailable: 104 pages
[    0.000000] Initmem setup node 0 [mem 0x0000000000001000-0x000000007ffeffff]
[    0.000000] ACPI: PM-Timer IO Port: 0x4008
[    0.000000] IOAPIC[0]: apic_id 2, version 32, address 0xfec00000, GSI 0-23
[    0.000000] ACPI: INT_SRC_OVR (bus 0 bus_irq 0 global_irq 2 dfl dfl)
[    0.000000] ACPI: INT_SRC_OVR (bus 0 bus_irq 9 global_irq 9 low level)
[    0.000000] Using ACPI (MADT) for SMP configuration information
[    0.000000] smpboot: Allowing 2 CPUs, 0 hotplug CPUs
[    0.000000] PM: Registered nosave memory: [mem 0x00000000-0x00000fff]
[    0.000000] PM: Registered nosave memory: [mem 0x0009f000-0x0009ffff]
[    0.000000] PM: Registered nosave memory: [mem 0x000a0000-0x000effff]
[    0.000000] PM: Registered nosave memory: [mem 0x000f0000-0x000fffff]
[    0.000000] e820: [mem 0x80000000-0xfebfffff] available for PCI devices
[    0.000000] Booting paravirtualized kernel on KVM
[    0.000000] clocksource: refined-jiffies: mask: 0xffffffff max_cycles: 0xffffffff, max_idle_ns: 7645519600211568 ns
[    0.000000] setup_percpu: NR_CPUS:8192 nr_cpumask_bits:2 nr_cpu_ids:2 nr_node_ids:1
[    0.000000] percpu: Embedded 50 pages/cpu s167936 r8192 d28672 u1048576
[    0.000000] PV qspinlock hash table entries: 256 (order: 0, 4096 bytes)
[    0.000000] Built 1 zonelists, mobility grouping on.  Total pages: 515961
[    0.000000] Policy zone: DMA32
[    0.000000] Kernel command line: BOOT_IMAGE=/boot/vmlinuz-4.15.0-212-generic root=LABEL=cloudimg-rootfs ro console=tty1 console=ttyS0
[    0.000000] Memory: 2014836K/2096696K available (12300K kernel code, 2477K rwdata, 4324K rodata, 2480K init, 2720K bss, 81860K reserved, 0K cma-reserved)
[    0.000000] SLUB: HWalign=64, Order=0-3, MinObjects=0, CPUs=2, Nodes=1
[    0.000000] Kernel/User page tables isolation: enabled
[    0.000000] ftrace: allocating 39508 entries in 155 pages
[    0.004000] Hierarchical RCU implementation.
[    0.004000] 	RCU restricting CPUs from NR_CPUS=8192 to nr_cpu_ids=2.
[    0.004000] 	Tasks RCU enabled.
[    0.004000] RCU: Adjusting geometry for rcu_fanout_leaf=16, nr_cpu_ids=2
[    0.004000] NR_IRQS: 524544, nr_irqs: 440, preallocated irqs: 16
[    0.004000] random: crng init done
[    0.004000] Console: colour VGA+ 80x25
[    0.004000] console [tty1] enabled
[    0.004000] console [ttyS0] enabled
[    0.004000] ACPI: Core revision 20170831
[    0.004000] ACPI: 2 ACPI AML tables successfully acquired and loaded
[    0.004000] APIC: Switch to symmetric I/O mode setup
[    0.004000] x2apic enabled
[    0.004000] Switched APIC routing to physical x2apic.
[    0.004000] ..TIMER: vector=0x30 apic1=0 pin1=2 apic2=-1 pin2=-1
[    0.004003] tsc: Detected 2111.998 MHz processor
[    0.004862] Calibrating delay loop (skipped) preset value.. 4223.99 BogoMIPS (lpj=8447992)
[    0.005613] pid_max: default: 32768 minimum: 301
[    0.008015] Security Framework initialized
[    0.008847] Yama: becoming mindful.
[    0.009772] AppArmor: AppArmor initialized
[    0.011363] Dentry cache hash table entries: 262144 (order: 9, 2097152 bytes)
[    0.012497] Inode-cache hash table entries: 131072 (order: 8, 1048576 bytes)
[    0.014014] Mount-cache hash table entries: 4096 (order: 3, 32768 bytes)
[    0.016003] Mountpoint-cache hash table entries: 4096 (order: 3, 32768 bytes)
[    0.017767] Last level iTLB entries: 4KB 0, 2MB 0, 4MB 0
[    0.018608] Last level dTLB entries: 4KB 0, 2MB 0, 4MB 0, 1GB 0
[    0.020003] Spectre V1 : Mitigation: usercopy/swapgs barriers and __user pointer sanitization
[    0.021498] Spectre V2 : Mitigation: Retpolines
[    0.022257] Spectre V2 : Spectre v2 / SpectreRSB mitigation: Filling RSB on context switch
[    0.023794] Spectre V2 : Spectre v2 / SpectreRSB : Filling RSB on VMEXIT
[    0.024001] Speculative Store Bypass: Vulnerable
[    0.024851] MDS: Mitigation: Clear CPU buffers
[    0.025749] Freeing SMP alternatives memory: 36K
[    0.137271] smpboot: CPU0: 12th Gen Intel(R) Core(TM) i7-12700 (family: 0x6, model: 0x97, stepping: 0x2)
[    0.139248] Performance Events: unsupported p6 CPU model 151 no PMU driver, software events only.
[    0.140000] Hierarchical SRCU implementation.
[    0.140133] NMI watchdog: Perf event create on CPU 0 failed with -2
[    0.141244] NMI watchdog: Perf NMI watchdog permanently disabled
[    0.142506] smp: Bringing up secondary CPUs ...
[    0.143473] x86: Booting SMP configuration:
[    0.144002] .... node  #0, CPUs:      #1
[    0.004000] kvm-clock: cpu 1, msr 0:7ff44041, secondary cpu clock
[    0.148023] smp: Brought up 1 node, 2 CPUs
[    0.148707] smpboot: Max logical packages: 1
[    0.149574] smpboot: Total of 2 processors activated (8447.99 BogoMIPS)
[    0.152092] devtmpfs: initialized
[    0.152684] x86/mm: Memory block size: 128MB
[    0.153631] evm: security.selinux
[    0.154300] evm: security.SMACK64
[    0.156002] evm: security.SMACK64EXEC
[    0.156977] evm: security.SMACK64TRANSMUTE
[    0.157998] evm: security.SMACK64MMAP
[    0.158915] evm: security.apparmor
[    0.159744] evm: security.ima
[    0.160002] evm: security.capability
[    0.160803] clocksource: jiffies: mask: 0xffffffff max_cycles: 0xffffffff, max_idle_ns: 7645041785100000 ns
[    0.162107] futex hash table entries: 512 (order: 3, 32768 bytes)
[    0.164027] pinctrl core: initialized pinctrl subsystem
[    0.165049] RTC time: 12:10:42, date: 07/09/24
[    0.165919] NET: Registered protocol family 16
[    0.167549] audit: initializing netlink subsys (disabled)
[    0.168016] audit: type=2000 audit(1720527046.437:1): state=initialized audit_enabled=0 res=1
[    0.172010] cpuidle: using governor ladder
[    0.172778] cpuidle: using governor menu
[    0.173633] ACPI: bus type PCI registered
[    0.174508] acpiphp: ACPI Hot Plug PCI Controller Driver version: 0.5
[    0.176056] PCI: Using configuration type 1 for base access
[    0.176974] HugeTLB registered 2.00 MiB page size, pre-allocated 0 pages
[    0.180034] ACPI: Added _OSI(Module Device)
[    0.180761] ACPI: Added _OSI(Processor Device)
[    0.181613] ACPI: Added _OSI(3.0 _SCP Extensions)
[    0.182565] ACPI: Added _OSI(Processor Aggregator Device)
[    0.184001] ACPI: Added _OSI(Linux-Dell-Video)
[    0.184800] ACPI: Added _OSI(Linux-Lenovo-NV-HDMI-Audio)
[    0.185935] ACPI: Added _OSI(Linux-HPI-Hybrid-Graphics)
[    0.187117] ACPI: Executed 1 blocks of module-level executable AML code
[    0.189584] ACPI: Interpreter enabled
[    0.190327] ACPI: (supports S0 S5)
[    0.191080] ACPI: Using IOAPIC for interrupt routing
[    0.192112] PCI: Using host bridge windows from ACPI; if necessary, use "pci=nocrs" and report a bug
[    0.193914] ACPI: Enabled 2 GPEs in block 00 to 07
[    0.198508] ACPI: PCI Root Bridge [PCI0] (domain 0000 [bus 00-ff])
[    0.200000] acpi PNP0A03:00: _OSC: OS supports [ASPM ClockPM Segments MSI]
[    0.200236] acpi PNP0A03:00: _OSC: not requesting OS control; OS requires [ExtendedConfig ASPM ClockPM MSI]
[    0.202168] acpi PNP0A03:00: fail to add MMCONFIG information, can't access extended PCI configuration space under this bridge.
[    0.204201] PCI host bridge to bus 0000:00
[    0.205250] pci_bus 0000:00: root bus resource [io  0x0000-0x0cf7 window]
[    0.208001] pci_bus 0000:00: root bus resource [io  0x0d00-0xffff window]
[    0.209446] pci_bus 0000:00: root bus resource [mem 0x000a0000-0x000bffff window]
[    0.211084] pci_bus 0000:00: root bus resource [mem 0x80000000-0xfdffffff window]
[    0.212001] pci_bus 0000:00: root bus resource [bus 00-ff]
[    0.214294] pci 0000:00:01.1: legacy IDE quirk: reg 0x10: [io  0x01f0-0x01f7]
[    0.216001] pci 0000:00:01.1: legacy IDE quirk: reg 0x14: [io  0x03f6]
[    0.217447] pci 0000:00:01.1: legacy IDE quirk: reg 0x18: [io  0x0170-0x0177]
[    0.220001] pci 0000:00:01.1: legacy IDE quirk: reg 0x1c: [io  0x0376]
[    0.232000] pci 0000:00:07.0: quirk: [io  0x4000-0x403f] claimed by PIIX4 ACPI
[    0.232008] pci 0000:00:07.0: quirk: [io  0x4100-0x410f] claimed by PIIX4 SMB
[    0.241466] ACPI: PCI Interrupt Link [LNKA] (IRQs 5 9 10 *11)
[    0.242722] ACPI: PCI Interrupt Link [LNKB] (IRQs 5 9 *10 11)
[    0.243756] ACPI: PCI Interrupt Link [LNKC] (IRQs 5 *9 10 11)
[    0.244051] ACPI: PCI Interrupt Link [LNKD] (IRQs 5 9 10 *11)
[    0.245166] SCSI subsystem initialized
[    0.245880] pci 0000:00:02.0: vgaarb: setting as boot VGA device
[    0.245880] pci 0000:00:02.0: vgaarb: VGA device added: decodes=io+mem,owns=io+mem,locks=none
[    0.248005] pci 0000:00:02.0: vgaarb: bridge control possible
[    0.248852] vgaarb: loaded
[    0.249207] ACPI: bus type USB registered
[    0.249945] usbcore: registered new interface driver usbfs
[    0.252004] usbcore: registered new interface driver hub
[    0.252969] usbcore: registered new device driver usb
[    0.253556] EDAC MC: Ver: 3.0.0
[    0.253556] PCI: Using ACPI for IRQ routing
[    0.253556] NetLabel: Initializing
[    0.253640] NetLabel:  domain hash size = 128
[    0.256001] NetLabel:  protocols = UNLABELED CIPSOv4 CALIPSO
[    0.257134] NetLabel:  unlabeled traffic allowed by default
[    0.258097] clocksource: Switched to clocksource kvm-clock
[    0.263009] VFS: Disk quotas dquot_6.6.0
[    0.263796] VFS: Dquot-cache hash table entries: 512 (order 0, 4096 bytes)
[    0.265267] AppArmor: AppArmor Filesystem Enabled
[    0.266276] pnp: PnP ACPI init
[    0.267301] pnp: PnP ACPI: found 3 devices
[    0.274175] clocksource: acpi_pm: mask: 0xffffff max_cycles: 0xffffff, max_idle_ns: 2085701024 ns
[    0.275980] NET: Registered protocol family 2
[    0.276848] IP idents hash table entries: 32768 (order: 6, 262144 bytes)
[    0.278155] TCP established hash table entries: 16384 (order: 5, 131072 bytes)
[    0.279596] TCP bind hash table entries: 16384 (order: 6, 262144 bytes)
[    0.281197] TCP: Hash tables configured (established 16384 bind 16384)
[    0.282515] UDP hash table entries: 1024 (order: 3, 32768 bytes)
[    0.283587] UDP-Lite hash table entries: 1024 (order: 3, 32768 bytes)
[    0.284669] NET: Registered protocol family 1
[    0.285536] pci 0000:00:00.0: Limiting direct PCI/PCI transfers
[    0.286619] pci 0000:00:01.0: Activating ISA DMA hang workarounds
[    0.287689] pci 0000:00:02.0: Video device with shadowed ROM at [mem 0x000c0000-0x000dffff]
[    0.289236] Unpacking initramfs...
[    0.472949] Freeing initrd memory: 19528K
[    0.474230] clocksource: tsc: mask: 0xffffffffffffffff max_cycles: 0x1e71768ef8b, max_idle_ns: 440795218977 ns
[    0.476117] platform rtc_cmos: registered platform RTC device (no PNP device found)
[    0.477575] Scanning for low memory corruption every 60 seconds
[    0.479105] Initialise system trusted keyrings
[    0.480214] Key type blacklist registered
[    0.481830] workingset: timestamp_bits=36 max_order=19 bucket_order=0
[    0.483481] zbud: loaded
[    0.484360] squashfs: version 4.0 (2009/01/31) Phillip Lougher
[    0.485582] fuse init (API version 7.26)
[    0.487175] Key type asymmetric registered
[    0.487920] Asymmetric key parser 'x509' registered
[    0.488715] Block layer SCSI generic (bsg) driver version 0.4 loaded (major 246)
[    0.489885] io scheduler noop registered
[    0.490745] io scheduler deadline registered
[    0.491507] io scheduler cfq registered (default)
[    0.492564] ACPI: AC Adapter [AC] (on-line)
[    0.493436] input: Power Button as /devices/LNXSYSTM:00/LNXPWRBN:00/input/input0
[    0.494994] ACPI: Power Button [PWRF]
[    0.495952] input: Sleep Button as /devices/LNXSYSTM:00/LNXSLPBN:00/input/input1
[    0.497573] ACPI: Sleep Button [SLPF]
[    0.498556] Serial: 8250/16550 driver, 32 ports, IRQ sharing enabled
[    0.520116] 00:02: ttyS0 at I/O 0x3f8 (irq = 4, base_baud = 115200) is a 16550A
[    0.522955] Linux agpgart interface v0.103
[    0.524496] loop: module loaded
[    0.525492] scsi host0: ata_piix
[    0.526116] scsi host1: ata_piix
[    0.526679] ata1: PATA max UDMA/33 cmd 0x1f0 ctl 0x3f6 bmdma 0xd000 irq 14
[    0.527611] ata2: PATA max UDMA/33 cmd 0x170 ctl 0x376 bmdma 0xd008 irq 15
[    0.528755] tun: Universal TUN/TAP device driver, 1.6
[    0.529678] PPP generic driver version 2.4.2
[    0.530554] ehci_hcd: USB 2.0 'Enhanced' Host Controller (EHCI) Driver
[    0.533123] ehci-pci: EHCI PCI platform driver
[    0.534546] ehci-platform: EHCI generic platform driver
[    0.535984] ohci_hcd: USB 1.1 'Open' Host Controller (OHCI) Driver
[    0.537032] ohci-pci: OHCI PCI platform driver
[    0.537702] ohci-platform: OHCI generic platform driver
[    0.538676] uhci_hcd: USB Universal Host Controller Interface driver
[    0.539789] i8042: PNP: PS/2 Controller [PNP0303:PS2K,PNP0f03:PS2M] at 0x60,0x64 irq 1,12
[    0.541476] serio: i8042 KBD port at 0x60,0x64 irq 1
[    0.542442] serio: i8042 AUX port at 0x60,0x64 irq 12
[    0.543428] mousedev: PS/2 mouse device common for all mice
[    0.544621] input: AT Translated Set 2 keyboard as /devices/platform/i8042/serio0/input/input2
[    0.546279] rtc_cmos rtc_cmos: rtc core: registered rtc_cmos as rtc0
[    0.547416] rtc_cmos rtc_cmos: alarms up to one day, 114 bytes nvram
[    0.548364] i2c /dev entries driver
[    0.548785] device-mapper: uevent: version 1.0.3
[    0.549732] device-mapper: ioctl: 4.37.0-ioctl (2017-09-20) initialised: dm-devel@redhat.com
[    0.551370] ledtrig-cpu: registered to indicate activity on CPUs
[    0.552485] NET: Registered protocol family 10
[    0.555116] Segment Routing with IPv6
[    0.555819] NET: Registered protocol family 17
[    0.556689] Key type dns_resolver registered
[    0.557787] mce: Using 0 MCE banks
[    0.558582] RAS: Correctable Errors collector initialized.
[    0.559679] sched_clock: Marking stable (557775131, 0)->(714060744, -156285613)
[    0.561315] registered taskstats version 1
[    0.562029] Loading compiled-in X.509 certificates
[    0.564519] Loaded X.509 cert 'Build time autogenerated kernel key: b5b26778eaa3ab3a4a6cee031137706e947d12ad'
[    0.567537] Loaded X.509 cert 'Canonical Ltd. Live Patch Signing: 14df34d1a87cf37625abec039ef2bf521249b969'
[    0.569646] Loaded X.509 cert 'Canonical Ltd. Kernel Module Signing: 88f752e560a1e0737e31163a466ad7b70a850c19'
[    0.571450] blacklist: Loading compiled-in revocation X.509 certificates
[    0.572450] Loaded X.509 cert 'Canonical Ltd. Secure Boot Signing: 61482aa2830d0ab2ad5af10b7250da9033ddcef0'
[    0.573989] Loaded X.509 cert 'Canonical Ltd. Secure Boot Signing (2017): 242ade75ac4a15e50d50c84b0d45ff3eae707a03'
[    0.575963] Loaded X.509 cert 'Canonical Ltd. Secure Boot Signing (ESM 2018): 365188c1d374d6b07c3c8f240f8ef722433d6a8b'
[    0.577974] Loaded X.509 cert 'Canonical Ltd. Secure Boot Signing (2019): c0746fd6c5da3ae827864651ad66ae47fe24b3e8'
[    0.579896] Loaded X.509 cert 'Canonical Ltd. Secure Boot Signing (2021 v1): a8d54bbb3825cfb94fa13c9f8a594a195c107b8d'
[    0.581906] Loaded X.509 cert 'Canonical Ltd. Secure Boot Signing (2021 v2): 4cf046892d6fd3c9a5b03f98d845f90851dc6a8c'
[    0.583836] Loaded X.509 cert 'Canonical Ltd. Secure Boot Signing (2021 v3): 100437bb6de6e469b581e61cd66bce3ef4ed53af'
[    0.585635] Loaded X.509 cert 'Canonical Ltd. Secure Boot Signing (Ubuntu Core 2019): c1d57b8f6b743f23ee41f4f7ee292f06eecadfb9'
[    0.587615] zswap: loaded using pool lzo/zbud
[    0.590312] Key type big_key registered
[    0.591049] Key type trusted registered
[    0.592741] Key type encrypted registered
[    0.593497] AppArmor: AppArmor sha1 policy hashing enabled
[    0.594450] ima: No TPM chip found, activating TPM-bypass! (rc=-19)
[    0.596213] ima: Allocated hash algorithm: sha1
[    0.598140] evm: HMAC attrs: 0x1
[    0.599342]   Magic number: 0:570:177
[    0.600238] rtc_cmos rtc_cmos: setting system clock to 2024-07-09 12:10:42 UTC (1720527042)
[    0.601945] BIOS EDD facility v0.16 2004-Jun-25, 0 devices found
[    0.602886] EDD information not available.
[    0.713477] Freeing unused kernel image memory: 2480K
[    0.758083] Write protecting the kernel read-only data: 20480k
[    0.764669] Freeing unused kernel image memory: 2008K
[    0.766228] Freeing unused kernel image memory: 1820K
[    0.769840] x86/mm: Checked W+X mappings: passed, no W+X pages found.
[    0.771085] x86/mm: Checking user space page tables
[    0.775131] x86/mm: Checked W+X mappings: passed, no W+X pages found.
Loading, please wait...
starting version 237
[    0.806708] e1000: Intel(R) PRO/1000 Network Driver - version 7.3.21-k8-NAPI
[    0.808148] e1000: Copyright (c) 1999-2006 Intel Corporation.
[    0.811693] Fusion MPT base driver 3.04.20
[    0.812411] Copyright (c) 1999-2008 LSI Corporation
[    0.817647] Fusion MPT SPI Host driver 3.04.20
[    0.821519] AVX2 version of gcm_enc/dec engaged.
[    0.823103] AES CTR mode by8 optimization enabled
[    0.826386] mptbase: ioc0: Initiating bringup
[    0.925031] ioc0: LSI53C1030 A0: Capabilities={Initiator}
[    1.017140] input: ImExPS/2 Generic Explorer Mouse as /devices/platform/i8042/serio1/input/input4
[    1.178028] scsi host2: ioc0: LSI53C1030 A0, FwRev=00000000h, Ports=1, MaxQ=256, IRQ=20
[    1.345439] scsi 2:0:0:0: Direct-Access     VBOX     HARDDISK         1.0  PQ: 0 ANSI: 5
[    1.380221] scsi target2:0:0: Beginning Domain Validation
[    1.456231] scsi target2:0:0: Domain Validation skipping write tests
[    1.457742] scsi target2:0:0: Ending Domain Validation
[    1.459501] scsi target2:0:0: asynchronous
[    1.460937] scsi 2:0:1:0: Direct-Access     VBOX     HARDDISK         1.0  PQ: 0 ANSI: 5
[    1.672392] scsi target2:0:1: Beginning Domain Validation
[    1.675724] scsi target2:0:1: Domain Validation skipping write tests
[    1.677307] scsi target2:0:1: Ending Domain Validation
[    1.678814] scsi target2:0:1: asynchronous
[    1.682947] sd 2:0:0:0: [sda] 83886080 512-byte logical blocks: (42.9 GB/40.0 GiB)
[    1.686501] sd 2:0:0:0: [sda] Write Protect is off
[    1.689106] sd 2:0:0:0: [sda] Incomplete mode parameter data
[    1.691675] sd 2:0:0:0: [sda] Assuming drive cache: write through
[    1.692917] sd 2:0:0:0: Attached scsi generic sg0 type 0
[    1.696573]  sda: sda1
[    1.698414] sd 2:0:1:0: Attached scsi generic sg1 type 0
[    1.700759] sd 2:0:1:0: [sdb] 20480 512-byte logical blocks: (10.5 MB/10.0 MiB)
[    1.700821] sd 2:0:0:0: [sda] Attached SCSI disk
[    1.703250] e1000 0000:00:03.0 eth0: (PCI:33MHz:32-bit) 02:3b:7b:b7:3b:2d
[    1.705717] e1000 0000:00:03.0 eth0: Intel(R) PRO/1000 Network Connection
[    1.707226] sd 2:0:1:0: [sdb] Write Protect is off
[    1.708415] sd 2:0:1:0: [sdb] Incomplete mode parameter data
[    1.709380] sd 2:0:1:0: [sdb] Assuming drive cache: write through
[    1.712262] sd 2:0:1:0: [sdb] Attached SCSI disk
[    2.062350] e1000 0000:00:08.0 eth1: (PCI:33MHz:32-bit) 08:00:27:dc:10:ec
[    2.063917] e1000 0000:00:08.0 eth1: Intel(R) PRO/1000 Network Connection
[    2.065821] e1000 0000:00:08.0 enp0s8: renamed from eth1
[    2.104524] e1000 0000:00:03.0 enp0s3: renamed from eth0
Begin: Loading essential drivers ... [    3.467092] raid6: sse2x1   gen() 25772 MB/s
[    3.519012] raid6: sse2x1   xor() 15570 MB/s
[    3.579471] raid6: sse2x2   gen() 40456 MB/s
[    3.631126] raid6: sse2x2   xor() 18971 MB/s
[    3.680045] raid6: sse2x4   gen() 31523 MB/s
[    3.742762] raid6: sse2x4   xor() 15629 MB/s
[    3.795599] raid6: avx2x1   gen() 55124 MB/s
[    3.847015] raid6: avx2x1   xor() 31464 MB/s
[    3.903288] raid6: avx2x2   gen() 54547 MB/s
[    3.952248] raid6: avx2x2   xor() 32817 MB/s
[    4.007877] raid6: avx2x4   gen() 57594 MB/s
[    4.063709] raid6: avx2x4   xor() 20540 MB/s
[    4.064763] raid6: using algorithm avx2x4 gen() 57594 MB/s
[    4.065743] raid6: .... xor() 20540 MB/s, rmw enabled
[    4.066855] raid6: using avx2x2 recovery algorithm
[    4.068553] xor: automatically using best checksumming function   avx       
[    4.070677] async_tx: api initialized (async)
done.
Begin: Running /scripts/init-premount ... done.
Begin: Mounting root file system ... Begin: Running /scripts/local-top ... done.
Begin: Running /scripts/local-premount ... [    4.096707] Btrfs loaded, crc32c=crc32c-intel
Scanning for Btrfs filesystems
done.
Warning: fsck not present, so skipping root file system
[    4.116065] EXT4-fs (sda1): mounted filesystem with ordered data mode. Opts: (null)
done.
Begin: Running /scripts/local-bottom ... done.
Begin: Running /scripts/init-bottom ... done.
[    4.288031] ip_tables: (C) 2000-2006 Netfilter Core Team
[    4.296200] systemd[1]: systemd 237 running in system mode. (+PAM +AUDIT +SELINUX +IMA +APPARMOR +SMACK +SYSVINIT +UTMP +LIBCRYPTSETUP +GCRYPT +GNUTLS +ACL +XZ +LZ4 +SECCOMP +BLKID +ELFUTILS +KMOD -IDN2 +IDN -PCRE2 default-hierarchy=hybrid)
[    4.300680] systemd[1]: Detected virtualization oracle.
[    4.301639] systemd[1]: Detected architecture x86-64.

Welcome to [1mUbuntu 18.04.6 LTS[0m!

[    4.305752] systemd[1]: Set hostname to <ubuntu>.
[    4.307492] systemd[1]: Initializing machine ID from random generator.
[    4.308912] systemd[1]: Installed transient /etc/machine-id file.
[    4.495935] systemd[1]: Reached target Swap.
[[0;32m  OK  [0m] Reached target Swap.
[    4.497737] systemd[1]: Reached target System Time Synchronized.
[[0;32m  OK  [0m] Reached target System Time Synchronized.
[    4.499887] systemd[1]: Reached target Mounting snaps.
[[0;32m  OK  [0m] Reached target Mounting snaps.
[    4.501744] systemd[1]: Reached target Mounted snaps.
[[0;32m  OK  [0m] Reached target Mounted snaps.
[[0;32m  OK  [0m] Created slice User and Session Slice.
[[0;32m  OK  [0m] Reached target User and Group Name Lookups.
[[0;32m  OK  [0m] Started Forward Password Requests to Wall Directory Watch.
[[0;32m  OK  [0m] Created slice System Slice.
[[0;32m  OK  [0m] Listening on Journal Audit Socket.
[[0;32m  OK  [0m] Listening on LVM2 metadata daemon socket.
[[0;32m  OK  [0m] Listening on udev Control Socket.
[[0;32m  OK  [0m] Listening on Journal Socket.
         Starting Create list of required st…ce nodes for the current kernel...
         Starting Set the console keyboard layout...
         Mounting Huge Pages File System...
[[0;32m  OK  [0m] Listening on /dev/initctl Compatibility Named Pipe.
         Mounting POSIX Message Queue File System...
[[0;32m  OK  [0m] Listening on Journal Socket (/dev/log).
[[0;32m  OK  [0m] Created slice system-serial\x2dgetty.slice.
[[0;32m  OK  [0m] Listening on Syslog Socket.
         Starting Journal Service...
[[0;32m  OK  [0m] Listening on LVM2 poll daemon socket.
         Starting Load Kernel Modules...
[[0;32m  OK  [0m] Listening on Network Service Netlink Socket.
[[0;32m  OK  [0m] Listening on fsck to fsckd communication Socket.
[    4.653634] Loading iSCSI transport class v2.0-870.
         Starting File System Check on Root Device...
[    4.657486] iscsi: registered transport (tcp)
[[0;32m  OK  [0m] Listening on udev Kernel Socket.
         Starting udev Coldplug all Devices...
[    4.667939] iscsi: registered transport (iser)
[[0;32m  OK  [0m] Set up automount Arbitrary Executab…rmats File System Automount Point.
         Starting Uncomplicated firewall...
[[0;32m  OK  [0m] Reached target Slices.
[[0;32m  OK  [0m] Listening on Device-mapper event daemon FIFOs.
         Starting Monitoring of LVM2 mirrors…ng dmeventd or progress polling...
         Mounting Kernel Debug File System...
[[0;32m  OK  [0m] Started Journal Service.
[[0;32m  OK  [0m] Started Create list of required sta…vice nodes for the current kernel.
[[0;32m  OK  [0m] Mounted Huge Pages File System.
[[0;32m  OK  [0m] Mounted POSIX Message Queue File System.
[[0;32m  OK  [0m] Started Load Kernel Modules.
[[0;32m  OK  [0m] Started Uncomplicated firewall.
[[0;32m  OK  [0m] Mounted Kernel Debug File System.
[[0;32m  OK  [0m] Started LVM2 metadata daemon.
[[0;32m  OK  [0m] Started File System Check Daemon to report status.
         Mounting FUSE Control File System...
         Starting Apply Kernel Variables...
         Mounting Kernel Configuration File System...
         Starting Create Static Device Nodes in /dev...
[[0;32m  OK  [0m] Mounted Kernel Configuration File System.
[[0;32m  OK  [0m] Mounted FUSE Control File System.
[[0;32m  OK  [0m] Started File System Check on Root Device.
[[0;32m  OK  [0m] Started udev Coldplug all Devices.
         Starting Remount Root and Kernel File Systems...
[[0;32m  OK  [0m] Started Create Static Device Nodes in /dev.
[[0;32m  OK  [0m] Started Monitoring of LVM2 mirrors,…sing dmeventd or progress polling.
[[0;32m  OK  [0m] Started Apply Kernel Variables.
[[0;32m  OK  [0m] Started Remount Root and Kernel File Systems.
         Starting Flush Journal to Persistent Storage...
         Starting Load/Save Random Seed...
         Starting udev Kernel Device Manager...
[[0;32m  OK  [0m] Started Load/Save Random Seed.
[[0;32m  OK  [0m] Started udev Kernel Device Manager.
[[0;32m  OK  [0m] Started Flush Journal to Persistent Storage.
[[0;32m  OK  [0m] Found device /dev/ttyS0.
[[0;32m  OK  [0m] Listening on Load/Save RF Kill Switch Status /dev/rfkill Watch.
         Mounting Arbitrary Executable File Formats File System...
[[0;32m  OK  [0m] Mounted Arbitrary Executable File Formats File System.
[[0;32m  OK  [0m] Started Set the console keyboard layout.
[[0;32m  OK  [0m] Started Dispatch Password Requests to Console Directory Watch.
[[0;32m  OK  [0m] Reached target Local Encrypted Volumes.
[[0;32m  OK  [0m] Reached target Local File Systems (Pre).
[[0;32m  OK  [0m] Reached target Local File Systems.
         Starting Set console font and keymap...
         Starting ebtables ruleset management...
         Starting Tell Plymouth To Write Out Runtime Data...
         Starting Create Volatile Files and Directories...
         Starting Commit a transient machine-id on disk...
         Starting AppArmor initialization...
[[0;32m  OK  [0m] Started Tell Plymouth To Write Out Runtime Data.
[[0;32m  OK  [0m] Started Create Volatile Files and Directories.
         Starting Update UTMP about System Boot/Shutdown...
[[0;32m  OK  [0m] Started Update UTMP about System Boot/Shutdown.
[[0;32m  OK  [0m] Started Commit a transient machine-id on disk.
[[0;32m  OK  [0m] Started ebtables ruleset management.
[[0;32m  OK  [0m] Started AppArmor initialization.
         Starting Load AppArmor profiles managed internally by snapd...
         Starting Initial cloud-init job (pre-networking)...
[[0;32m  OK  [0m] Started Load AppArmor profiles managed internally by snapd.
[    6.453710] cloud-init[708]: Cloud-init v. 23.1.2-0ubuntu0~18.04.1 running 'init-local' at Tue, 09 Jul 2024 12:10:48 +0000. Up 6.27 seconds.
[[0;32m  OK  [0m] Started Set console font and keymap.
[[0;32m  OK  [0m] Started Initial cloud-init job (pre-networking).
[[0;32m  OK  [0m] Reached target Network (Pre).
         Starting Network Service...
[[0;32m  OK  [0m] Started Network Service.
         Starting Wait for Network to be Configured...
         Starting Network Name Resolution...
[[0;32m  OK  [0m] Started Network Name Resolution.
[[0;32m  OK  [0m] Reached target Host and Network Name Lookups.
[[0;32m  OK  [0m] Reached target Network.
[[0;32m  OK  [0m] Started Wait for Network to be Configured.
         Starting Initial cloud-init job (metadata service crawler)...
[    8.342254] cloud-init[1004]: Cloud-init v. 23.1.2-0ubuntu0~18.04.1 running 'init' at Tue, 09 Jul 2024 12:10:50 +0000. Up 8.28 seconds.
[    8.343582] cloud-init[1004]: ci-info: ++++++++++++++++++++++++++++++++++++++Net device info+++++++++++++++++++++++++++++++++++++++
[    8.344754] cloud-init[1004]: ci-info: +--------+-------+----------------------------+---------------+--------+-------------------+
[    8.356088] cloud-init[1004]: ci-info: | Device |   Up  |          Address           |      Mask     | Scope  |     Hw-Address    |
[    8.357379] cloud-init[1004]: ci-info: +--------+-------+----------------------------+---------------+--------+-------------------+
[    8.359648] cloud-init[1004]: ci-info: | enp0s3 |  True |         10.0.2.15          | 255.255.255.0 | global | 02:3b:7b:b7:3b:2d |
[    8.361012] cloud-init[1004]: ci-info: | enp0s3 |  True | fe80::3b:7bff:feb7:3b2d/64 |       .       |  link  | 02:3b:7b:b7:3b:2d |
[    8.362118] cloud-init[1004]: ci-info: | enp0s8 | False |             .              |       .       |   .    | 08:00:27:dc:10:ec |
[    8.363586] cloud-init[1004]: ci-info: |   lo   |  True |         127.0.0.1          |   255.0.0.0   |  host  |         .         |
[    8.365174] cloud-init[1004]: ci-info: |   lo   |  True |          ::1/128           |       .       |  host  |         .         |
[    8.366555] cloud-init[1004]: ci-info: +--------+-------+----------------------------+---------------+--------+-------------------+
[    8.367922] cloud-init[1004]: ci-info: ++++++++++++++++++++++++++++Route IPv4 info+++++++++++++++++++++++++++++
[    8.380120] cloud-init[1004]: ci-info: +-------+-------------+----------+-----------------+-----------+-------+
[    8.381460] cloud-init[1004]: ci-info: | Route | Destination | Gateway  |     Genmask     | Interface | Flags |
[    8.382547] cloud-init[1004]: ci-info: +-------+-------------+----------+-----------------+-----------+-------+
[    8.383939] cloud-init[1004]: ci-info: |   0   |   0.0.0.0   | 10.0.2.2 |     0.0.0.0     |   enp0s3  |   UG  |
[    8.385169] cloud-init[1004]: ci-info: |   1   |   10.0.2.0  | 0.0.0.0  |  255.255.255.0  |   enp0s3  |   U   |
[    8.386479] cloud-init[1004]: ci-info: |   2   |   10.0.2.2  | 0.0.0.0  | 255.255.255.255 |   enp0s3  |   UH  |
[    8.396121] cloud-init[1004]: ci-info: +-------+-------------+----------+-----------------+-----------+-------+
[    8.408313] cloud-init[1004]: ci-info: +++++++++++++++++++Route IPv6 info+++++++++++++++++++
[    8.409305] cloud-init[1004]: ci-info: +-------+-------------+---------+-----------+-------+
[    8.410376] cloud-init[1004]: ci-info: | Route | Destination | Gateway | Interface | Flags |
[    8.411306] cloud-init[1004]: ci-info: +-------+-------------+---------+-----------+-------+
[    8.412239] cloud-init[1004]: ci-info: |   1   |  fe80::/64  |    ::   |   enp0s3  |   U   |
[    8.413216] cloud-init[1004]: ci-info: |   3   |    local    |    ::   |   enp0s3  |   U   |
[    8.414206] cloud-init[1004]: ci-info: |   4   |   ff00::/8  |    ::   |   enp0s3  |   U   |
[    8.415218] cloud-init[1004]: ci-info: +-------+-------------+---------+-----------+-------+
[    8.985410] cloud-init[1004]: Generating public/private rsa key pair.
[    8.986464] cloud-init[1004]: Your identification has been saved in /etc/ssh/ssh_host_rsa_key.
[    8.987874] cloud-init[1004]: Your public key has been saved in /etc/ssh/ssh_host_rsa_key.pub.
[    8.989147] cloud-init[1004]: The key fingerprint is:
[    8.989903] cloud-init[1004]: SHA256:tcz16LCWXxRvnvZoT5M/q9T2FnZ57CUpLGKw/uE5xNg root@ubuntu-bionic
[    9.000166] cloud-init[1004]: The key's randomart image is:
[    9.000879] cloud-init[1004]: +---[RSA 2048]----+
[    9.001524] cloud-init[1004]: |                 |
[    9.002120] cloud-init[1004]: |                 |
[    9.002698] cloud-init[1004]: |          . . .  |
[    9.003240] cloud-init[1004]: |      .  + o o o |
[    9.003806] cloud-init[1004]: |       *S =.. oo+|
[    9.004374] cloud-init[1004]: |      o E .=o.+*B|
[    9.004881] cloud-init[1004]: |     . o..+..ooXB|
[    9.005373] cloud-init[1004]: |      ...+ ...++B|
[    9.005860] cloud-init[1004]: |       .+.  .oo+B|
[    9.006388] cloud-init[1004]: +----[SHA256]-----+
[    9.006960] cloud-init[1004]: Generating public/private dsa key pair.
[    9.007773] cloud-init[1004]: Your identification has been saved in /etc/ssh/ssh_host_dsa_key.
[    9.008840] cloud-init[1004]: Your public key has been saved in /etc/ssh/ssh_host_dsa_key.pub.
[    9.024180] [[0;32m  OK  [0m] Started Initial cloud-init job (metadata service crawler).
cloud-init[1004]: The key fingerprint is:
[    9.025940] [[0;32m  OK  [0m] Reached target Network is Online.
cloud-init[1004]: SHA256:RtVPDxVdFZmyfZGKkNqkbOGRHHBvfNKm4TcH1zBgPuk root@ubuntu-bionic
         Starting Availability of block devices...
[    9.030494] [[0;32m  OK  [0m] Reached target Remote File Systems (Pre).
[[0;32m  OK  [0m] Reached target Remote File Systems.
cloud-init[1004]: The key's randomart image is:
[[0;32m  OK  [0m] Reached target Cloud-config availability.
[[0;32m  OK  [0m] Reached target System Initialization.
[[0;32m  OK  [0m] Listening on D-Bus System Message Bus Socket.
[    9.032450] cloud-init[1004]: +---[DSA 1024]----+
[[0;32m  OK  [0m] Listening on ACPID Listen Socket.
[    9.046076] cloud-init[1004]: |     .ooo o+.o +&|
         Starting LXD - unix socket.
[    9.047961] cloud-init[1004]: |      .=o=+ o.*=.|
[[0;32m  OK  [0m] Started Discard unused blocks once a week.
[    9.048552] [[0;32m  OK  [0m] Started Message of the Day.
[[0;32m  OK  [0m] Started Ubuntu Advantage Timer for running repeated jobs.
cloud-init[1004]: |      o O*.O.+=+.|
[[0;32m  OK  [0m] Started ACPI Events Check.
[    9.051269] [[0;32m  OK  [0mcloud-init] [1004]: Reached target Paths.|       Bo.B.+o..o|

[[0;32m  OK  [0m] Listening on Open-iSCSI iscsid Socket.
[    9.052549] [cloud-init[0;32m  OK  [0m[1004]: ] |      . So E .  .|Listening on UUID daemon activation socket.

[    9.054082] [cloud-init[0;32m  OK  [0m[1004]: ] |       .  . o    |Started Daily Cleanup of Temporary Directories.

[[0;32m  OK  [0m] Started Daily apt download activities.
[    9.055248] [cloud-init[0;32m  OK  [0m[1004]: ] |                 |Started Daily apt upgrade and clean activities.

[    9.056996] [[0;32m  OK  [0m] Reached target Timers.
[[0;32m  OK  [0m] Listening on cloud-init hotplug hook socket.
cloud-init[1004]: |                 |
         Starting Socket activation for snappy daemon.
[    9.058577] cloud-init[1004]: |                 |
[[0;32m  OK  [0m] Started Availability of block devices.
[    9.072477] [cloud-init[0;32m  OK  [0m[1004]: ] +----[SHA256]-----+Listening on LXD - unix socket.

[[0;32m  OK  [0m] Listening on Socket activation for snappy daemon.
[    9.080591] [cloud-init[0;32m  OK  [0m[1004]: ] Generating public/private ecdsa key pair.Reached target Sockets.

[[0;32m  OK  [0m] Reached target Basic System.
[    9.085115] [cloud-init[0;32m  OK  [0m[1004]: ] Your identification has been saved in /etc/ssh/ssh_host_ecdsa_key.Reached target Login Prompts (Pre).

         Starting LSB: Record successful boot for GRUB...
[    9.104321] cloud-init[1004]: Your public key has been saved in /etc/ssh/ssh_host_ecdsa_key.pub.
[    9.118560] cloud-init[1004]: The key fingerprint is:
         Starting Pollinate to seed the pseudo random number generator...
         Starting System Logging Service...
[[0;32m  OK  [0m] Started D-Bus System Message Bus.
[    9.126297] cloud-init[1004]: SHA256:uJp31KVjW7FbM0tk9lscoqo0JJxFR6uabisc/9tVfU4 root@ubuntu-bionic
[    9.144844] cloud-init[1004]: The key's randomart image is:
         [    9.166258] cloud-init[1004]: +---[ECDSA 256]---+
[    9.166340] cloud-init[1004]: |       ..o       |
[    9.166361] cloud-init[1004]: |      . . .      |
[    9.166382] cloud-init[1004]: |       . .       |
[    9.166402] cloud-init[1004]: |    . o..   o.=. |
[    9.166421] cloud-init[1004]: |     +.oS. o.B.+E|
[    9.166439] cloud-init[1004]: |   .  =.. =.+ =o=|
[    9.166470] cloud-init[1004]: |  . oo.+ ..= + ++|
[    9.166748] cloud-init[1004]: |   o.=o +.o . .. |
[    9.166774] cloud-init[1004]: |    =+o=o.       |
[    9.166795] cloud-init[1004]: +----[SHA256]-----+
[    9.166814] cloud-init[1004]: Generating public/private ed25519 key pair.
[    9.166845] cloud-init[1004]: Your identification has been saved in /etc/ssh/ssh_host_ed25519_key.
[    9.166864] cloud-init[1004]: Your public key has been saved in /etc/ssh/ssh_host_ed25519_key.pub.
[    9.166882] cloud-init[1004]: The key fingerprint is:
[    9.166899] cloud-init[1004]: SHA256:VzDtzHy0kZMbKajOyRGOo3rZfyH49nCj+Q9yNQt5xKA root@ubuntu-bionic
[    9.166919] cloud-init[1004]: The key's randomart image is:
[    9.166935] cloud-init[1004]: +--[ED25519 256]--+
[    9.166964] cloud-init[1004]: |          +o   + |
[    9.167243] cloud-init[1004]: |        ...=o O  |
[    9.167264] cloud-init[1004]: |       oEo =+o * |
[    9.167280] cloud-init[1004]: |      o +  += +  |
[    9.167295] cloud-init[1004]: |     . *So+ +.   |
[    9.167313] cloud-init[1004]: |    . . *..+ o   |
[    9.167331] cloud-init[1004]: |   . o .o.=..    |
[    9.167350] cloud-init[1004]: |  . o . oB.o     |
[    9.167383] cloud-init[1004]: |   .   o++o..    |
[    9.167399] cloud-init[1004]: +----[SHA256]-----+
Starting LXD - container startup/shutdown...
[[0;32m  OK  [0m] Started Deferred execution scheduler.
         Starting Snap Daemon...
         Starting Virtualbox guest utils...
         Starting Accounts Service...
         Starting LSB: automatic crash report generation...
         Starting Login Service...
         Starting Permit User Sessions...
[[0;32m  OK  [0m] Started FUSE filesystem for LXC.
[[0;32m  OK  [0m] Started irqbalance daemon.
         Starting Dispatcher daemon for systemd-networkd...
[[0;32m  OK  [0m] Started Regular background program processing daemon.
[[0;32m  OK  [0m] Started System Logging Service.
[[0;32m  OK  [0m] Started LXD - container startup/shutdown.
[[0;32m  OK  [0m] Started Permit User Sessions.
[[0;32m  OK  [0m] Started Login Service.
         Starting Authorization Manager...
[[0;32m  OK  [0m] Started Unattended Upgrades Shutdown.
         Starting Terminate Plymouth Boot Screen...
         Starting Hold until boot process finishes up...
[[0;32m  OK  [0m] Started Hold until boot process finishes up.
         Starting Set console scheme...
[[0;32m  OK  [0m] Started Serial Getty on ttyS0.
[[0;32m  OK  [0m] Started Terminate Plymouth Boot Screen.
[[0;32m  OK  [0m] Started LSB: automatic crash report generation.
[[0;32m  OK  [0m] Started Authorization Manager.
[[0;32m  OK  [0m] Started Accounts Service.
[[0;32m  OK  [0m] Started Set console scheme.
[[0;32m  OK  [0m] Created slice system-getty.slice.
[[0;32m  OK  [0m] Started Getty on tty1.
[[0;32m  OK  [0m] Reached target Login Prompts.
[[0;32m  OK  [0m] Started Dispatcher daemon for systemd-networkd.
[[0;32m  OK  [0m] Started LSB: Record successful boot for GRUB.
[[0;32m  OK  [0m] Started Virtualbox guest utils.
[[0;32m  OK  [0m] Started Snap Daemon.
         Starting Wait until snapd is fully seeded...
         Starting Time & Date Service...
[[0;32m  OK  [0m] Started Time & Date Service.
[[0;32m  OK  [0m] Started Pollinate to seed the pseudo random number generator.
         Starting OpenBSD Secure Shell server...
[[0;32m  OK  [0m] Started OpenBSD Secure Shell server.
[[0;32m  OK  [0m] Started Wait until snapd is fully seeded.
         Starting Apply the settings specified in cloud-config...
[   12.284470] cloud-init[1614]: Cloud-init v. 23.1.2-0ubuntu0~18.04.1 running 'modules:config' at Tue, 09 Jul 2024 12:10:53 +0000. Up 11.58 seconds.
[[0;32m  OK  [0m] Started Apply the settings specified in cloud-config.
[[0;32m  OK  [0m] Reached target Multi-User System.
         Starting Execute cloud user/final scripts...
[[0;32m  OK  [0m] Reached target Graphical Interface.
         Starting Update UTMP about System Runlevel Changes...
[[0;32m  OK  [0m] Started Update UTMP about System Runlevel Changes.
[[0;32m  OK  [0m] Created slice User Slice of vagrant.
         Starting User Manager for UID 1000...
[[0;32m  OK  [0m] Started Session 1 of user vagrant.
[[0;32m  OK  [0m] Started User Manager for UID 1000.
ci-info: no authorized SSH keys fingerprints found for user ubuntu.
<14>Jul  9 12:10:54 cloud-init: #############################################################
<14>Jul  9 12:10:54 cloud-init: -----BEGIN SSH HOST KEY FINGERPRINTS-----
<14>Jul  9 12:10:54 cloud-init: 1024 SHA256:RtVPDxVdFZmyfZGKkNqkbOGRHHBvfNKm4TcH1zBgPuk root@ubuntu-bionic (DSA)
<14>Jul  9 12:10:54 cloud-init: 256 SHA256:uJp31KVjW7FbM0tk9lscoqo0JJxFR6uabisc/9tVfU4 root@ubuntu-bionic (ECDSA)
<14>Jul  9 12:10:54 cloud-init: 256 SHA256:VzDtzHy0kZMbKajOyRGOo3rZfyH49nCj+Q9yNQt5xKA root@ubuntu-bionic (ED25519)
<14>Jul  9 12:10:54 cloud-init: 2048 SHA256:tcz16LCWXxRvnvZoT5M/q9T2FnZ57CUpLGKw/uE5xNg root@ubuntu-bionic (RSA)
<14>Jul  9 12:10:54 cloud-init: -----END SSH HOST KEY FINGERPRINTS-----
<14>Jul  9 12:10:54 cloud-init: #############################################################
-----BEGIN SSH HOST KEY KEYS-----
ecdsa-sha2-nistp256 AAAAE2VjZHNhLXNoYTItbmlzdHAyNTYAAAAIbmlzdHAyNTYAAABBBGXCpOgACk73EUWo0rSeGOMnf8XQH3XjoEo7RO3/F/CPcylvwk8k58YVIzT//X1oV8r5incV84Q+JNxdzjmTIes= root@ubuntu-bionic
ssh-ed25519 AAAAC3NzaC1lZDI1NTE5AAAAIByMGvCghmyW6WLf9JLCqwme4QkGLaFsBlcDGAzvlCZo root@ubuntu-bionic
ssh-rsa AAAAB3NzaC1yc2EAAAADAQABAAABAQDXWRMoJWHdg4wBRKy4nG91PbgYl8TXhHUbeaQBJVMCsbtxxUc8sf4EiRAFtoji3EQD76Tg5+i/+7+wPCvA7wa2PvpeDdWCdLylvEyxHAi6/8JwNQQ09PIAgFzW/lh09Pu1SDsLbu70ebZig/1GhZiYANgpYu6rVBi+5t6CZMuCcBehnrjpzYa9ScLFVrDqBX7XbZAO0T2MCB4OCxniU2imVB8QwBf3h8FcQ7yUstraBzp1mMEOauRczmGGzb3KYHrVs2t0KNd3bFyJqUEBNBvAXgGIBCC4FySg3gNJ3YkVsyOaq1ZX+FqF1NKNh7AAlG0rz1ElfyUzbopVK6I2BkSf root@ubuntu-bionic
-----END SSH HOST KEY KEYS-----
[   12.702397] cloud-init[1668]: Cloud-init v. 23.1.2-0ubuntu0~18.04.1 running 'modules:final' at Tue, 09 Jul 2024 12:10:54 +0000. Up 12.54 seconds.
[   12.712914] cloud-init[1668]: Cloud-init v. 23.1.2-0ubuntu0~18.04.1 finished at Tue, 09 Jul 2024 12:10:54 +0000. Datasource DataSourceNoCloud [seed=/dev/sdb][dsmode=net].  Up 12.69 seconds
[[0;32m  OK  [0m] Started Execute cloud user/final scripts.
[[0;32m  OK  [0m] Reached target Cloud-init target.

Ubuntu 18.04.6 LTS ubuntu-bionic ttyS0

ubuntu-bionic login: 